{"C:\\Users\\thunderobot\\Project\\stellar-burgers-review\\src\\services\\rootReducer.ts": {"path":"C:\\Users\\thunderobot\\Project\\stellar-burgers-review\\src\\services\\rootReducer.ts","statementMap":{"0":{"start":{"line":1,"column":0},"end":{"line":1,"column":51}},"1":{"start":{"line":2,"column":0},"end":{"line":2,"column":45}},"2":{"start":{"line":3,"column":0},"end":{"line":3,"column":59}},"3":{"start":{"line":4,"column":0},"end":{"line":4,"column":59}},"4":{"start":{"line":5,"column":0},"end":{"line":5,"column":47}},"5":{"start":{"line":6,"column":20},"end":{"line":11,"column":2}},"6":{"start":{"line":13,"column":0},"end":{"line":13,"column":27}}},"fnMap":{},"branchMap":{},"s":{"0":1,"1":1,"2":1,"3":1,"4":1,"5":1,"6":1},"f":{},"b":{}}
,"C:\\Users\\thunderobot\\Project\\stellar-burgers-review\\src\\services\\actions\\authActions.ts": {"path":"C:\\Users\\thunderobot\\Project\\stellar-burgers-review\\src\\services\\actions\\authActions.ts","statementMap":{"0":{"start":{"line":1,"column":0},"end":{"line":1,"column":null}},"1":{"start":{"line":10,"column":0},"end":{"line":10,"column":52}},"2":{"start":{"line":31,"column":13},"end":{"line":41,"column":2}},"3":{"start":{"line":33,"column":2},"end":{"line":40,"column":null}},"4":{"start":{"line":33,"column":29},"end":{"line":33,"column":31}},"5":{"start":{"line":35,"column":6},"end":{"line":35,"column":24}},"6":{"start":{"line":36,"column":6},"end":{"line":36,"column":13}},"7":{"start":{"line":38,"column":6},"end":{"line":38,"column":50}},"8":{"start":{"line":42,"column":13},"end":{"line":59,"column":2}},"9":{"start":{"line":44,"column":2},"end":{"line":58,"column":null}},"10":{"start":{"line":46,"column":21},"end":{"line":46,"column":23}},"11":{"start":{"line":49,"column":23},"end":{"line":49,"column":null}},"12":{"start":{"line":49,"column":12},"end":{"line":49,"column":null}},"13":{"start":{"line":50,"column":6},"end":{"line":54,"column":7}},"14":{"start":{"line":51,"column":8},"end":{"line":51,"column":29}},"15":{"start":{"line":53,"column":8},"end":{"line":53,"column":76}},"16":{"start":{"line":56,"column":6},"end":{"line":56,"column":43}},"17":{"start":{"line":60,"column":13},"end":{"line":70,"column":2}},"18":{"start":{"line":62,"column":2},"end":{"line":69,"column":null}},"19":{"start":{"line":62,"column":29},"end":{"line":62,"column":31}},"20":{"start":{"line":64,"column":19},"end":{"line":64,"column":null}},"21":{"start":{"line":64,"column":12},"end":{"line":64,"column":null}},"22":{"start":{"line":65,"column":6},"end":{"line":65,"column":23}},"23":{"start":{"line":67,"column":6},"end":{"line":67,"column":73}},"24":{"start":{"line":71,"column":13},"end":{"line":85,"column":3}},"25":{"start":{"line":74,"column":24},"end":{"line":85,"column":2}},"26":{"start":{"line":74,"column":54},"end":{"line":74,"column":56}},"27":{"start":{"line":76,"column":21},"end":{"line":76,"column":null}},"28":{"start":{"line":76,"column":10},"end":{"line":76,"column":null}},"29":{"start":{"line":77,"column":4},"end":{"line":81,"column":5}},"30":{"start":{"line":78,"column":6},"end":{"line":78,"column":22}},"31":{"start":{"line":80,"column":6},"end":{"line":80,"column":57}},"32":{"start":{"line":83,"column":4},"end":{"line":83,"column":41}},"33":{"start":{"line":87,"column":13},"end":{"line":101,"column":3}},"34":{"start":{"line":90,"column":23},"end":{"line":101,"column":2}},"35":{"start":{"line":90,"column":53},"end":{"line":90,"column":55}},"36":{"start":{"line":92,"column":21},"end":{"line":92,"column":null}},"37":{"start":{"line":92,"column":10},"end":{"line":92,"column":null}},"38":{"start":{"line":93,"column":4},"end":{"line":97,"column":5}},"39":{"start":{"line":94,"column":6},"end":{"line":94,"column":22}},"40":{"start":{"line":96,"column":6},"end":{"line":96,"column":55}},"41":{"start":{"line":99,"column":4},"end":{"line":99,"column":41}},"42":{"start":{"line":103,"column":13},"end":{"line":117,"column":3}},"43":{"start":{"line":106,"column":25},"end":{"line":117,"column":2}},"44":{"start":{"line":106,"column":55},"end":{"line":106,"column":57}},"45":{"start":{"line":108,"column":21},"end":{"line":108,"column":null}},"46":{"start":{"line":108,"column":10},"end":{"line":108,"column":null}},"47":{"start":{"line":109,"column":4},"end":{"line":113,"column":5}},"48":{"start":{"line":110,"column":6},"end":{"line":110,"column":22}},"49":{"start":{"line":112,"column":6},"end":{"line":112,"column":57}},"50":{"start":{"line":115,"column":4},"end":{"line":115,"column":41}},"51":{"start":{"line":119,"column":13},"end":{"line":133,"column":3}},"52":{"start":{"line":122,"column":20},"end":{"line":133,"column":2}},"53":{"start":{"line":122,"column":50},"end":{"line":122,"column":52}},"54":{"start":{"line":124,"column":21},"end":{"line":124,"column":null}},"55":{"start":{"line":124,"column":10},"end":{"line":124,"column":null}},"56":{"start":{"line":125,"column":4},"end":{"line":129,"column":5}},"57":{"start":{"line":126,"column":6},"end":{"line":126,"column":22}},"58":{"start":{"line":128,"column":6},"end":{"line":128,"column":49}},"59":{"start":{"line":131,"column":4},"end":{"line":131,"column":41}}},"fnMap":{"0":{"name":"(anonymous_13)","decl":{"start":{"line":33,"column":2},"end":{"line":33,"column":9}},"loc":{"start":{"line":33,"column":2},"end":{"line":40,"column":null}}},"1":{"name":"(anonymous_16)","decl":{"start":{"line":44,"column":2},"end":{"line":44,"column":null}},"loc":{"start":{"line":44,"column":2},"end":{"line":58,"column":null}}},"2":{"name":"(anonymous_19)","decl":{"start":{"line":62,"column":2},"end":{"line":62,"column":9}},"loc":{"start":{"line":62,"column":2},"end":{"line":69,"column":null}}},"3":{"name":"(anonymous_22)","decl":{"start":{"line":74,"column":24},"end":{"line":74,"column":31}},"loc":{"start":{"line":74,"column":24},"end":{"line":85,"column":2}}},"4":{"name":"(anonymous_25)","decl":{"start":{"line":90,"column":23},"end":{"line":90,"column":30}},"loc":{"start":{"line":90,"column":23},"end":{"line":101,"column":2}}},"5":{"name":"(anonymous_28)","decl":{"start":{"line":106,"column":25},"end":{"line":106,"column":32}},"loc":{"start":{"line":106,"column":25},"end":{"line":117,"column":2}}},"6":{"name":"(anonymous_31)","decl":{"start":{"line":122,"column":20},"end":{"line":122,"column":27}},"loc":{"start":{"line":122,"column":20},"end":{"line":133,"column":2}}}},"branchMap":{"0":{"loc":{"start":{"line":50,"column":6},"end":{"line":54,"column":7}},"type":"if","locations":[{"start":{"line":50,"column":6},"end":{"line":54,"column":7}},{"start":{"line":52,"column":13},"end":{"line":54,"column":7}}]},"1":{"loc":{"start":{"line":77,"column":4},"end":{"line":81,"column":5}},"type":"if","locations":[{"start":{"line":77,"column":4},"end":{"line":81,"column":5}},{"start":{"line":79,"column":11},"end":{"line":81,"column":5}}]},"2":{"loc":{"start":{"line":93,"column":4},"end":{"line":97,"column":5}},"type":"if","locations":[{"start":{"line":93,"column":4},"end":{"line":97,"column":5}},{"start":{"line":95,"column":11},"end":{"line":97,"column":5}}]},"3":{"loc":{"start":{"line":109,"column":4},"end":{"line":113,"column":5}},"type":"if","locations":[{"start":{"line":109,"column":4},"end":{"line":113,"column":5}},{"start":{"line":111,"column":11},"end":{"line":113,"column":5}}]},"4":{"loc":{"start":{"line":125,"column":4},"end":{"line":129,"column":5}},"type":"if","locations":[{"start":{"line":125,"column":4},"end":{"line":129,"column":5}},{"start":{"line":127,"column":11},"end":{"line":129,"column":5}}]}},"s":{"0":2,"1":2,"2":2,"3":0,"4":0,"5":0,"6":0,"7":0,"8":2,"9":0,"10":0,"11":0,"12":0,"13":0,"14":0,"15":0,"16":0,"17":2,"18":0,"19":0,"20":0,"21":0,"22":0,"23":0,"24":2,"25":0,"26":0,"27":0,"28":0,"29":0,"30":0,"31":0,"32":0,"33":2,"34":0,"35":0,"36":0,"37":0,"38":0,"39":0,"40":0,"41":0,"42":2,"43":0,"44":0,"45":0,"46":0,"47":0,"48":0,"49":0,"50":0,"51":2,"52":0,"53":0,"54":0,"55":0,"56":0,"57":0,"58":0,"59":0},"f":{"0":0,"1":0,"2":0,"3":0,"4":0,"5":0,"6":0},"b":{"0":[0,0],"1":[0,0],"2":[0,0],"3":[0,0],"4":[0,0]}}
,"C:\\Users\\thunderobot\\Project\\stellar-burgers-review\\src\\services\\actions\\orderActions.ts": {"path":"C:\\Users\\thunderobot\\Project\\stellar-burgers-review\\src\\services\\actions\\orderActions.ts","statementMap":{"0":{"start":{"line":1,"column":0},"end":{"line":1,"column":null}},"1":{"start":{"line":7,"column":0},"end":{"line":7,"column":52}},"2":{"start":{"line":9,"column":0},"end":{"line":9,"column":48}},"3":{"start":{"line":10,"column":13},"end":{"line":24,"column":2}},"4":{"start":{"line":12,"column":2},"end":{"line":23,"column":null}},"5":{"start":{"line":12,"column":47},"end":{"line":12,"column":49}},"6":{"start":{"line":14,"column":23},"end":{"line":14,"column":null}},"7":{"start":{"line":14,"column":12},"end":{"line":14,"column":null}},"8":{"start":{"line":15,"column":6},"end":{"line":19,"column":7}},"9":{"start":{"line":16,"column":8},"end":{"line":16,"column":34}},"10":{"start":{"line":18,"column":8},"end":{"line":18,"column":69}},"11":{"start":{"line":21,"column":6},"end":{"line":21,"column":43}},"12":{"start":{"line":26,"column":13},"end":{"line":40,"column":2}},"13":{"start":{"line":28,"column":2},"end":{"line":39,"column":null}},"14":{"start":{"line":28,"column":49},"end":{"line":28,"column":51}},"15":{"start":{"line":30,"column":23},"end":{"line":30,"column":null}},"16":{"start":{"line":30,"column":12},"end":{"line":30,"column":null}},"17":{"start":{"line":31,"column":6},"end":{"line":35,"column":7}},"18":{"start":{"line":32,"column":8},"end":{"line":32,"column":30}},"19":{"start":{"line":34,"column":8},"end":{"line":34,"column":63}},"20":{"start":{"line":37,"column":6},"end":{"line":37,"column":43}},"21":{"start":{"line":42,"column":13},"end":{"line":56,"column":2}},"22":{"start":{"line":44,"column":2},"end":{"line":55,"column":null}},"23":{"start":{"line":44,"column":29},"end":{"line":44,"column":31}},"24":{"start":{"line":46,"column":23},"end":{"line":46,"column":null}},"25":{"start":{"line":46,"column":12},"end":{"line":46,"column":null}},"26":{"start":{"line":47,"column":6},"end":{"line":51,"column":7}},"27":{"start":{"line":48,"column":8},"end":{"line":48,"column":24}},"28":{"start":{"line":50,"column":8},"end":{"line":50,"column":65}},"29":{"start":{"line":53,"column":6},"end":{"line":53,"column":38}},"30":{"start":{"line":58,"column":13},"end":{"line":72,"column":2}},"31":{"start":{"line":60,"column":2},"end":{"line":71,"column":null}},"32":{"start":{"line":60,"column":29},"end":{"line":60,"column":31}},"33":{"start":{"line":62,"column":23},"end":{"line":62,"column":null}},"34":{"start":{"line":62,"column":12},"end":{"line":62,"column":null}},"35":{"start":{"line":63,"column":6},"end":{"line":67,"column":7}},"36":{"start":{"line":64,"column":8},"end":{"line":64,"column":31}},"37":{"start":{"line":66,"column":8},"end":{"line":66,"column":72}},"38":{"start":{"line":69,"column":6},"end":{"line":69,"column":45}},"39":{"start":{"line":74,"column":13},"end":{"line":89,"column":2}},"40":{"start":{"line":76,"column":2},"end":{"line":88,"column":null}},"41":{"start":{"line":76,"column":29},"end":{"line":76,"column":31}},"42":{"start":{"line":76,"column":39},"end":{"line":76,"column":41}},"43":{"start":{"line":78,"column":23},"end":{"line":78,"column":null}},"44":{"start":{"line":78,"column":12},"end":{"line":78,"column":null}},"45":{"start":{"line":79,"column":6},"end":{"line":84,"column":7}},"46":{"start":{"line":80,"column":8},"end":{"line":80,"column":37}},"47":{"start":{"line":81,"column":8},"end":{"line":81,"column":24}},"48":{"start":{"line":83,"column":8},"end":{"line":83,"column":72}},"49":{"start":{"line":86,"column":6},"end":{"line":86,"column":45}}},"fnMap":{"0":{"name":"(anonymous_13)","decl":{"start":{"line":12,"column":2},"end":{"line":12,"column":9}},"loc":{"start":{"line":12,"column":2},"end":{"line":23,"column":null}}},"1":{"name":"(anonymous_16)","decl":{"start":{"line":28,"column":2},"end":{"line":28,"column":9}},"loc":{"start":{"line":28,"column":2},"end":{"line":39,"column":null}}},"2":{"name":"(anonymous_19)","decl":{"start":{"line":44,"column":2},"end":{"line":44,"column":9}},"loc":{"start":{"line":44,"column":2},"end":{"line":55,"column":null}}},"3":{"name":"(anonymous_22)","decl":{"start":{"line":60,"column":2},"end":{"line":60,"column":9}},"loc":{"start":{"line":60,"column":2},"end":{"line":71,"column":null}}},"4":{"name":"(anonymous_25)","decl":{"start":{"line":76,"column":2},"end":{"line":76,"column":9}},"loc":{"start":{"line":76,"column":2},"end":{"line":88,"column":null}}}},"branchMap":{"0":{"loc":{"start":{"line":15,"column":6},"end":{"line":19,"column":7}},"type":"if","locations":[{"start":{"line":15,"column":6},"end":{"line":19,"column":7}},{"start":{"line":17,"column":13},"end":{"line":19,"column":7}}]},"1":{"loc":{"start":{"line":15,"column":10},"end":{"line":15,"column":37}},"type":"binary-expr","locations":[{"start":{"line":15,"column":10},"end":{"line":15,"column":18}},{"start":{"line":15,"column":22},"end":{"line":15,"column":37}}]},"2":{"loc":{"start":{"line":31,"column":6},"end":{"line":35,"column":7}},"type":"if","locations":[{"start":{"line":31,"column":6},"end":{"line":35,"column":7}},{"start":{"line":33,"column":13},"end":{"line":35,"column":7}}]},"3":{"loc":{"start":{"line":47,"column":6},"end":{"line":51,"column":7}},"type":"if","locations":[{"start":{"line":47,"column":6},"end":{"line":51,"column":7}},{"start":{"line":49,"column":13},"end":{"line":51,"column":7}}]},"4":{"loc":{"start":{"line":63,"column":6},"end":{"line":67,"column":7}},"type":"if","locations":[{"start":{"line":63,"column":6},"end":{"line":67,"column":7}},{"start":{"line":65,"column":13},"end":{"line":67,"column":7}}]},"5":{"loc":{"start":{"line":63,"column":10},"end":{"line":63,"column":26}},"type":"cond-expr","locations":[{"start":{"line":63,"column":18},"end":{"line":63,"column":20}},{"start":{"line":63,"column":10},"end":{"line":63,"column":26}}]},"6":{"loc":{"start":{"line":63,"column":10},"end":{"line":63,"column":20}},"type":"binary-expr","locations":[{"start":{"line":63,"column":10},"end":{"line":63,"column":20}},{"start":{"line":63,"column":10},"end":{"line":63,"column":20}}]},"7":{"loc":{"start":{"line":79,"column":6},"end":{"line":84,"column":7}},"type":"if","locations":[{"start":{"line":79,"column":6},"end":{"line":84,"column":7}},{"start":{"line":82,"column":13},"end":{"line":84,"column":7}}]},"8":{"loc":{"start":{"line":79,"column":10},"end":{"line":79,"column":26}},"type":"cond-expr","locations":[{"start":{"line":79,"column":18},"end":{"line":79,"column":20}},{"start":{"line":79,"column":10},"end":{"line":79,"column":26}}]},"9":{"loc":{"start":{"line":79,"column":10},"end":{"line":79,"column":20}},"type":"binary-expr","locations":[{"start":{"line":79,"column":10},"end":{"line":79,"column":20}},{"start":{"line":79,"column":10},"end":{"line":79,"column":20}}]}},"s":{"0":2,"1":2,"2":2,"3":2,"4":0,"5":0,"6":0,"7":0,"8":0,"9":0,"10":0,"11":0,"12":2,"13":0,"14":0,"15":0,"16":0,"17":0,"18":0,"19":0,"20":0,"21":2,"22":0,"23":0,"24":0,"25":0,"26":0,"27":0,"28":0,"29":0,"30":2,"31":0,"32":0,"33":0,"34":0,"35":0,"36":0,"37":0,"38":0,"39":2,"40":0,"41":0,"42":0,"43":0,"44":0,"45":0,"46":0,"47":0,"48":0,"49":0},"f":{"0":0,"1":0,"2":0,"3":0,"4":0},"b":{"0":[0,0],"1":[0,0],"2":[0,0],"3":[0,0],"4":[0,0],"5":[0,0],"6":[0,0],"7":[0,0],"8":[0,0],"9":[0,0]}}
,"C:\\Users\\thunderobot\\Project\\stellar-burgers-review\\src\\services\\slices\\authSlice.ts": {"path":"C:\\Users\\thunderobot\\Project\\stellar-burgers-review\\src\\services\\slices\\authSlice.ts","statementMap":{"0":{"start":{"line":1,"column":0},"end":{"line":1,"column":62}},"1":{"start":{"line":2,"column":0},"end":{"line":2,"column":47}},"2":{"start":{"line":3,"column":0},"end":{"line":3,"column":null}},"3":{"start":{"line":24,"column":32},"end":{"line":33,"column":2}},"4":{"start":{"line":35,"column":18},"end":{"line":179,"column":2}},"5":{"start":{"line":40,"column":6},"end":{"line":40,"column":36}},"6":{"start":{"line":46,"column":6},"end":{"line":46,"column":34}},"7":{"start":{"line":52,"column":6},"end":{"line":52,"column":53}},"8":{"start":{"line":53,"column":6},"end":{"line":53,"column":55}},"9":{"start":{"line":56,"column":6},"end":{"line":56,"column":27}},"10":{"start":{"line":57,"column":6},"end":{"line":57,"column":24}},"11":{"start":{"line":58,"column":6},"end":{"line":58,"column":31}},"12":{"start":{"line":59,"column":6},"end":{"line":59,"column":32}},"13":{"start":{"line":60,"column":6},"end":{"line":60,"column":25}},"14":{"start":{"line":61,"column":6},"end":{"line":61,"column":41}},"15":{"start":{"line":65,"column":4},"end":{"line":177,"column":9}},"16":{"start":{"line":67,"column":8},"end":{"line":67,"column":29}},"17":{"start":{"line":68,"column":8},"end":{"line":68,"column":27}},"18":{"start":{"line":71,"column":8},"end":{"line":71,"column":30}},"19":{"start":{"line":72,"column":8},"end":{"line":72,"column":28}},"20":{"start":{"line":73,"column":8},"end":{"line":76,"column":10}},"21":{"start":{"line":77,"column":8},"end":{"line":77,"column":55}},"22":{"start":{"line":78,"column":8},"end":{"line":78,"column":57}},"23":{"start":{"line":81,"column":8},"end":{"line":81,"column":30}},"24":{"start":{"line":82,"column":8},"end":{"line":82,"column":47}},"25":{"start":{"line":86,"column":8},"end":{"line":86,"column":29}},"26":{"start":{"line":87,"column":8},"end":{"line":87,"column":27}},"27":{"start":{"line":90,"column":8},"end":{"line":90,"column":30}},"28":{"start":{"line":91,"column":8},"end":{"line":91,"column":28}},"29":{"start":{"line":92,"column":8},"end":{"line":95,"column":10}},"30":{"start":{"line":96,"column":8},"end":{"line":96,"column":55}},"31":{"start":{"line":97,"column":8},"end":{"line":97,"column":57}},"32":{"start":{"line":100,"column":8},"end":{"line":100,"column":30}},"33":{"start":{"line":101,"column":8},"end":{"line":101,"column":47}},"34":{"start":{"line":105,"column":8},"end":{"line":105,"column":29}},"35":{"start":{"line":106,"column":8},"end":{"line":106,"column":27}},"36":{"start":{"line":109,"column":8},"end":{"line":109,"column":30}},"37":{"start":{"line":110,"column":8},"end":{"line":110,"column":42}},"38":{"start":{"line":113,"column":8},"end":{"line":113,"column":30}},"39":{"start":{"line":114,"column":8},"end":{"line":114,"column":47}},"40":{"start":{"line":115,"column":8},"end":{"line":115,"column":43}},"41":{"start":{"line":119,"column":8},"end":{"line":119,"column":29}},"42":{"start":{"line":120,"column":8},"end":{"line":120,"column":27}},"43":{"start":{"line":123,"column":8},"end":{"line":123,"column":30}},"44":{"start":{"line":124,"column":8},"end":{"line":124,"column":42}},"45":{"start":{"line":127,"column":8},"end":{"line":127,"column":30}},"46":{"start":{"line":128,"column":8},"end":{"line":128,"column":47}},"47":{"start":{"line":129,"column":8},"end":{"line":129,"column":43}},"48":{"start":{"line":132,"column":8},"end":{"line":132,"column":29}},"49":{"start":{"line":133,"column":8},"end":{"line":133,"column":27}},"50":{"start":{"line":136,"column":8},"end":{"line":136,"column":30}},"51":{"start":{"line":137,"column":8},"end":{"line":137,"column":80}},"52":{"start":{"line":140,"column":8},"end":{"line":140,"column":30}},"53":{"start":{"line":141,"column":8},"end":{"line":141,"column":47}},"54":{"start":{"line":144,"column":8},"end":{"line":144,"column":29}},"55":{"start":{"line":145,"column":8},"end":{"line":145,"column":27}},"56":{"start":{"line":148,"column":8},"end":{"line":148,"column":30}},"57":{"start":{"line":149,"column":8},"end":{"line":149,"column":29}},"58":{"start":{"line":150,"column":8},"end":{"line":150,"column":26}},"59":{"start":{"line":151,"column":8},"end":{"line":151,"column":33}},"60":{"start":{"line":152,"column":8},"end":{"line":152,"column":34}},"61":{"start":{"line":155,"column":8},"end":{"line":155,"column":30}},"62":{"start":{"line":156,"column":8},"end":{"line":156,"column":47}},"63":{"start":{"line":159,"column":8},"end":{"line":159,"column":29}},"64":{"start":{"line":162,"column":8},"end":{"line":162,"column":30}},"65":{"start":{"line":163,"column":8},"end":{"line":163,"column":28}},"66":{"start":{"line":164,"column":8},"end":{"line":167,"column":10}},"67":{"start":{"line":168,"column":8},"end":{"line":168,"column":33}},"68":{"start":{"line":171,"column":8},"end":{"line":171,"column":30}},"69":{"start":{"line":172,"column":8},"end":{"line":172,"column":29}},"70":{"start":{"line":173,"column":8},"end":{"line":173,"column":26}},"71":{"start":{"line":174,"column":8},"end":{"line":174,"column":33}},"72":{"start":{"line":175,"column":8},"end":{"line":175,"column":34}},"73":{"start":{"line":176,"column":8},"end":{"line":176,"column":33}},"74":{"start":{"line":181,"column":15},"end":{"line":181,"column":58}},"75":{"start":{"line":183,"column":0},"end":{"line":183,"column":33}}},"fnMap":{"0":{"name":"(anonymous_0)","decl":{"start":{"line":39,"column":13},"end":{"line":39,"column":14}},"loc":{"start":{"line":39,"column":51},"end":{"line":41,"column":5}}},"1":{"name":"(anonymous_1)","decl":{"start":{"line":42,"column":13},"end":{"line":42,"column":null}},"loc":{"start":{"line":44,"column":67},"end":{"line":47,"column":5}}},"2":{"name":"(anonymous_2)","decl":{"start":{"line":48,"column":15},"end":{"line":48,"column":null}},"loc":{"start":{"line":50,"column":74},"end":{"line":54,"column":5}}},"3":{"name":"(anonymous_3)","decl":{"start":{"line":55,"column":15},"end":{"line":55,"column":16}},"loc":{"start":{"line":55,"column":21},"end":{"line":62,"column":5}}},"4":{"name":"(anonymous_4)","decl":{"start":{"line":64,"column":17},"end":{"line":64,"column":18}},"loc":{"start":{"line":64,"column":25},"end":{"line":178,"column":3}}},"5":{"name":"(anonymous_5)","decl":{"start":{"line":66,"column":37},"end":{"line":66,"column":38}},"loc":{"start":{"line":66,"column":43},"end":{"line":69,"column":7}}},"6":{"name":"(anonymous_6)","decl":{"start":{"line":70,"column":39},"end":{"line":70,"column":40}},"loc":{"start":{"line":70,"column":53},"end":{"line":79,"column":7}}},"7":{"name":"(anonymous_7)","decl":{"start":{"line":80,"column":38},"end":{"line":80,"column":39}},"loc":{"start":{"line":80,"column":52},"end":{"line":83,"column":7}}},"8":{"name":"(anonymous_8)","decl":{"start":{"line":85,"column":34},"end":{"line":85,"column":35}},"loc":{"start":{"line":85,"column":40},"end":{"line":88,"column":7}}},"9":{"name":"(anonymous_9)","decl":{"start":{"line":89,"column":36},"end":{"line":89,"column":37}},"loc":{"start":{"line":89,"column":50},"end":{"line":98,"column":7}}},"10":{"name":"(anonymous_10)","decl":{"start":{"line":99,"column":35},"end":{"line":99,"column":36}},"loc":{"start":{"line":99,"column":49},"end":{"line":102,"column":7}}},"11":{"name":"(anonymous_11)","decl":{"start":{"line":104,"column":39},"end":{"line":104,"column":40}},"loc":{"start":{"line":104,"column":45},"end":{"line":107,"column":7}}},"12":{"name":"(anonymous_12)","decl":{"start":{"line":108,"column":41},"end":{"line":108,"column":42}},"loc":{"start":{"line":108,"column":47},"end":{"line":111,"column":7}}},"13":{"name":"(anonymous_13)","decl":{"start":{"line":112,"column":40},"end":{"line":112,"column":41}},"loc":{"start":{"line":112,"column":54},"end":{"line":116,"column":7}}},"14":{"name":"(anonymous_14)","decl":{"start":{"line":118,"column":38},"end":{"line":118,"column":39}},"loc":{"start":{"line":118,"column":44},"end":{"line":121,"column":7}}},"15":{"name":"(anonymous_15)","decl":{"start":{"line":122,"column":40},"end":{"line":122,"column":41}},"loc":{"start":{"line":122,"column":46},"end":{"line":125,"column":7}}},"16":{"name":"(anonymous_16)","decl":{"start":{"line":126,"column":39},"end":{"line":126,"column":40}},"loc":{"start":{"line":126,"column":53},"end":{"line":130,"column":7}}},"17":{"name":"(anonymous_17)","decl":{"start":{"line":131,"column":35},"end":{"line":131,"column":36}},"loc":{"start":{"line":131,"column":41},"end":{"line":134,"column":7}}},"18":{"name":"(anonymous_18)","decl":{"start":{"line":135,"column":37},"end":{"line":135,"column":38}},"loc":{"start":{"line":135,"column":51},"end":{"line":138,"column":7}}},"19":{"name":"(anonymous_19)","decl":{"start":{"line":139,"column":36},"end":{"line":139,"column":37}},"loc":{"start":{"line":139,"column":50},"end":{"line":142,"column":7}}},"20":{"name":"(anonymous_20)","decl":{"start":{"line":143,"column":35},"end":{"line":143,"column":36}},"loc":{"start":{"line":143,"column":41},"end":{"line":146,"column":7}}},"21":{"name":"(anonymous_21)","decl":{"start":{"line":147,"column":37},"end":{"line":147,"column":38}},"loc":{"start":{"line":147,"column":43},"end":{"line":153,"column":7}}},"22":{"name":"(anonymous_22)","decl":{"start":{"line":154,"column":36},"end":{"line":154,"column":37}},"loc":{"start":{"line":154,"column":50},"end":{"line":157,"column":7}}},"23":{"name":"(anonymous_23)","decl":{"start":{"line":158,"column":34},"end":{"line":158,"column":35}},"loc":{"start":{"line":158,"column":40},"end":{"line":160,"column":7}}},"24":{"name":"(anonymous_24)","decl":{"start":{"line":161,"column":36},"end":{"line":161,"column":37}},"loc":{"start":{"line":161,"column":50},"end":{"line":169,"column":7}}},"25":{"name":"(anonymous_25)","decl":{"start":{"line":170,"column":35},"end":{"line":170,"column":36}},"loc":{"start":{"line":170,"column":41},"end":{"line":177,"column":7}}}},"branchMap":{"0":{"loc":{"start":{"line":27,"column":15},"end":{"line":27,"column":47}},"type":"binary-expr","locations":[{"start":{"line":27,"column":15},"end":{"line":27,"column":39}},{"start":{"line":27,"column":43},"end":{"line":27,"column":47}}]}},"s":{"0":2,"1":2,"2":2,"3":2,"4":2,"5":1,"6":1,"7":1,"8":1,"9":1,"10":1,"11":1,"12":1,"13":1,"14":1,"15":2,"16":1,"17":1,"18":1,"19":1,"20":1,"21":1,"22":1,"23":1,"24":1,"25":0,"26":0,"27":0,"28":0,"29":0,"30":0,"31":0,"32":0,"33":0,"34":0,"35":0,"36":1,"37":1,"38":0,"39":0,"40":0,"41":0,"42":0,"43":0,"44":0,"45":0,"46":0,"47":0,"48":0,"49":0,"50":0,"51":0,"52":0,"53":0,"54":0,"55":0,"56":0,"57":0,"58":0,"59":0,"60":0,"61":0,"62":0,"63":0,"64":0,"65":0,"66":0,"67":0,"68":0,"69":0,"70":0,"71":0,"72":0,"73":0,"74":2,"75":2},"f":{"0":1,"1":1,"2":1,"3":1,"4":2,"5":1,"6":1,"7":1,"8":0,"9":0,"10":0,"11":0,"12":1,"13":0,"14":0,"15":0,"16":0,"17":0,"18":0,"19":0,"20":0,"21":0,"22":0,"23":0,"24":0,"25":0},"b":{"0":[2,2]}}
,"C:\\Users\\thunderobot\\Project\\stellar-burgers-review\\src\\services\\slices\\constructorSlice.ts": {"path":"C:\\Users\\thunderobot\\Project\\stellar-burgers-review\\src\\services\\slices\\constructorSlice.ts","statementMap":{"0":{"start":{"line":1,"column":0},"end":{"line":1,"column":62}},"1":{"start":{"line":11,"column":40},"end":{"line":16,"column":2}},"2":{"start":{"line":18,"column":25},"end":{"line":61,"column":2}},"3":{"start":{"line":22,"column":59},"end":{"line":25,"column":null}},"4":{"start":{"line":26,"column":77},"end":{"line":29,"column":null}},"5":{"start":{"line":30,"column":64},"end":{"line":35,"column":null}},"6":{"start":{"line":33,"column":18},"end":{"line":33,"column":null}},"7":{"start":{"line":40,"column":23},"end":{"line":40,"column":56}},"8":{"start":{"line":41,"column":27},"end":{"line":41,"column":41}},"9":{"start":{"line":41,"column":18},"end":{"line":41,"column":20}},"10":{"start":{"line":41,"column":22},"end":{"line":41,"column":27}},"11":{"start":{"line":42,"column":24},"end":{"line":42,"column":52}},"12":{"start":{"line":43,"column":6},"end":{"line":43,"column":41}},"13":{"start":{"line":44,"column":6},"end":{"line":46,"column":null}},"14":{"start":{"line":49,"column":28},"end":{"line":51,"column":null}},"15":{"start":{"line":52,"column":64},"end":{"line":55,"column":null}},"16":{"start":{"line":56,"column":72},"end":{"line":59,"column":null}},"17":{"start":{"line":64,"column":2},"end":{"line":70,"column":null}},"18":{"start":{"line":73,"column":0},"end":{"line":73,"column":40}},"19":{"start":{"line":74,"column":22},"end":{"line":75,"column":7}},"20":{"start":{"line":75,"column":2},"end":{"line":75,"column":24}},"21":{"start":{"line":74,"column":13},"end":{"line":74,"column":22}},"22":{"start":{"line":77,"column":30},"end":{"line":78,"column":7}},"23":{"start":{"line":78,"column":2},"end":{"line":78,"column":32}},"24":{"start":{"line":77,"column":13},"end":{"line":77,"column":30}},"25":{"start":{"line":80,"column":31},"end":{"line":81,"column":7}},"26":{"start":{"line":81,"column":2},"end":{"line":81,"column":33}},"27":{"start":{"line":80,"column":13},"end":{"line":80,"column":31}},"28":{"start":{"line":83,"column":33},"end":{"line":84,"column":7}},"29":{"start":{"line":84,"column":2},"end":{"line":84,"column":35}},"30":{"start":{"line":83,"column":13},"end":{"line":83,"column":33}}},"fnMap":{"0":{"name":"(anonymous_3)","decl":{"start":{"line":22,"column":12},"end":{"line":22,"column":13}},"loc":{"start":{"line":22,"column":54},"end":{"line":22,"column":null}}},"1":{"name":"(anonymous_4)","decl":{"start":{"line":26,"column":19},"end":{"line":26,"column":20}},"loc":{"start":{"line":26,"column":72},"end":{"line":26,"column":null}}},"2":{"name":"(anonymous_5)","decl":{"start":{"line":30,"column":22},"end":{"line":30,"column":23}},"loc":{"start":{"line":30,"column":59},"end":{"line":30,"column":null}}},"3":{"name":"(anonymous_6)","decl":{"start":{"line":33,"column":8},"end":{"line":33,"column":9}},"loc":{"start":{"line":33,"column":13},"end":{"line":33,"column":22}}},"4":{"name":"(anonymous_7)","decl":{"start":{"line":36,"column":20},"end":{"line":36,"column":null}},"loc":{"start":{"line":38,"column":57},"end":{"line":48,"column":5}}},"5":{"name":"(anonymous_8)","decl":{"start":{"line":49,"column":22},"end":{"line":49,"column":28}},"loc":{"start":{"line":49,"column":22},"end":{"line":49,"column":null}}},"6":{"name":"(anonymous_9)","decl":{"start":{"line":52,"column":21},"end":{"line":52,"column":22}},"loc":{"start":{"line":52,"column":59},"end":{"line":52,"column":null}}},"7":{"name":"(anonymous_10)","decl":{"start":{"line":56,"column":23},"end":{"line":56,"column":24}},"loc":{"start":{"line":56,"column":67},"end":{"line":56,"column":null}}},"8":{"name":"(anonymous_11)","decl":{"start":{"line":74,"column":22},"end":{"line":74,"column":23}},"loc":{"start":{"line":74,"column":64},"end":{"line":75,"column":7}}},"9":{"name":"(anonymous_12)","decl":{"start":{"line":77,"column":30},"end":{"line":77,"column":31}},"loc":{"start":{"line":77,"column":72},"end":{"line":78,"column":7}}},"10":{"name":"(anonymous_13)","decl":{"start":{"line":80,"column":31},"end":{"line":80,"column":32}},"loc":{"start":{"line":80,"column":73},"end":{"line":81,"column":7}}},"11":{"name":"(anonymous_14)","decl":{"start":{"line":83,"column":33},"end":{"line":83,"column":34}},"loc":{"start":{"line":83,"column":75},"end":{"line":84,"column":7}}}},"branchMap":{"0":{"loc":{"start":{"line":28,"column":24},"end":{"line":28,"column":47}},"type":"binary-expr","locations":[{"start":{"line":28,"column":24},"end":{"line":28,"column":41}},{"start":{"line":28,"column":45},"end":{"line":28,"column":47}}]},"1":{"loc":{"start":{"line":32,"column":20},"end":{"line":32,"column":43}},"type":"binary-expr","locations":[{"start":{"line":32,"column":20},"end":{"line":32,"column":37}},{"start":{"line":32,"column":41},"end":{"line":32,"column":43}}]},"2":{"loc":{"start":{"line":40,"column":31},"end":{"line":40,"column":54}},"type":"binary-expr","locations":[{"start":{"line":40,"column":31},"end":{"line":40,"column":48}},{"start":{"line":40,"column":52},"end":{"line":40,"column":54}}]}},"s":{"0":2,"1":2,"2":2,"3":1,"4":1,"5":1,"6":2,"7":1,"8":1,"9":1,"10":1,"11":1,"12":1,"13":1,"14":1,"15":1,"16":1,"17":2,"18":2,"19":2,"20":0,"21":2,"22":2,"23":0,"24":2,"25":2,"26":0,"27":2,"28":2,"29":0,"30":2},"f":{"0":1,"1":1,"2":1,"3":2,"4":1,"5":1,"6":1,"7":1,"8":0,"9":0,"10":0,"11":0},"b":{"0":[1,0],"1":[1,0],"2":[1,0]}}
,"C:\\Users\\thunderobot\\Project\\stellar-burgers-review\\src\\services\\slices\\ingredientsSlice.ts": {"path":"C:\\Users\\thunderobot\\Project\\stellar-burgers-review\\src\\services\\slices\\ingredientsSlice.ts","statementMap":{"0":{"start":{"line":1,"column":0},"end":{"line":1,"column":41}},"1":{"start":{"line":2,"column":0},"end":{"line":2,"column":65}},"2":{"start":{"line":4,"column":0},"end":{"line":4,"column":74}},"3":{"start":{"line":12,"column":40},"end":{"line":16,"column":2}},"4":{"start":{"line":18,"column":13},"end":{"line":25,"column":2}},"5":{"start":{"line":20,"column":2},"end":{"line":24,"column":null}},"6":{"start":{"line":21,"column":17},"end":{"line":21,"column":null}},"7":{"start":{"line":21,"column":10},"end":{"line":21,"column":null}},"8":{"start":{"line":22,"column":10},"end":{"line":22,"column":50}},"9":{"start":{"line":23,"column":4},"end":{"line":23,"column":23}},"10":{"start":{"line":27,"column":25},"end":{"line":46,"column":2}},"11":{"start":{"line":32,"column":4},"end":{"line":44,"column":9}},"12":{"start":{"line":34,"column":8},"end":{"line":34,"column":31}},"13":{"start":{"line":35,"column":8},"end":{"line":35,"column":27}},"14":{"start":{"line":38,"column":8},"end":{"line":38,"column":32}},"15":{"start":{"line":39,"column":8},"end":{"line":39,"column":37}},"16":{"start":{"line":42,"column":8},"end":{"line":42,"column":32}},"17":{"start":{"line":43,"column":8},"end":{"line":43,"column":77}},"18":{"start":{"line":48,"column":0},"end":{"line":48,"column":40}}},"fnMap":{"0":{"name":"(anonymous_13)","decl":{"start":{"line":20,"column":2},"end":{"line":20,"column":null}},"loc":{"start":{"line":20,"column":2},"end":{"line":24,"column":null}}},"1":{"name":"(anonymous_16)","decl":{"start":{"line":31,"column":17},"end":{"line":31,"column":18}},"loc":{"start":{"line":31,"column":25},"end":{"line":45,"column":3}}},"2":{"name":"(anonymous_17)","decl":{"start":{"line":33,"column":41},"end":{"line":33,"column":42}},"loc":{"start":{"line":33,"column":47},"end":{"line":36,"column":7}}},"3":{"name":"(anonymous_18)","decl":{"start":{"line":37,"column":43},"end":{"line":37,"column":44}},"loc":{"start":{"line":37,"column":57},"end":{"line":40,"column":7}}},"4":{"name":"(anonymous_19)","decl":{"start":{"line":41,"column":42},"end":{"line":41,"column":43}},"loc":{"start":{"line":41,"column":56},"end":{"line":44,"column":7}}}},"branchMap":{"0":{"loc":{"start":{"line":21,"column":17},"end":{"line":21,"column":null}},"type":"switch","locations":[{"start":{"line":21,"column":17},"end":{"line":21,"column":null}}]},"1":{"loc":{"start":{"line":43,"column":22},"end":{"line":43,"column":76}},"type":"binary-expr","locations":[{"start":{"line":43,"column":22},"end":{"line":43,"column":42}},{"start":{"line":43,"column":46},"end":{"line":43,"column":76}}]}},"s":{"0":2,"1":2,"2":2,"3":2,"4":2,"5":0,"6":0,"7":0,"8":0,"9":0,"10":2,"11":2,"12":1,"13":1,"14":1,"15":1,"16":1,"17":1,"18":2},"f":{"0":0,"1":2,"2":1,"3":1,"4":1},"b":{"0":[0],"1":[1,0]}}
,"C:\\Users\\thunderobot\\Project\\stellar-burgers-review\\src\\services\\slices\\orderSlice.ts": {"path":"C:\\Users\\thunderobot\\Project\\stellar-burgers-review\\src\\services\\slices\\orderSlice.ts","statementMap":{"0":{"start":{"line":1,"column":0},"end":{"line":1,"column":62}},"1":{"start":{"line":3,"column":0},"end":{"line":3,"column":null}},"2":{"start":{"line":19,"column":34},"end":{"line":25,"column":2}},"3":{"start":{"line":27,"column":19},"end":{"line":118,"column":2}},"4":{"start":{"line":32,"column":6},"end":{"line":32,"column":36}},"5":{"start":{"line":35,"column":6},"end":{"line":35,"column":35}},"6":{"start":{"line":38,"column":6},"end":{"line":38,"column":37}},"7":{"start":{"line":41,"column":6},"end":{"line":41,"column":35}},"8":{"start":{"line":44,"column":6},"end":{"line":44,"column":39}},"9":{"start":{"line":47,"column":6},"end":{"line":47,"column":40}},"10":{"start":{"line":50,"column":6},"end":{"line":50,"column":24}},"11":{"start":{"line":51,"column":6},"end":{"line":51,"column":29}},"12":{"start":{"line":52,"column":6},"end":{"line":52,"column":25}},"13":{"start":{"line":56,"column":4},"end":{"line":116,"column":9}},"14":{"start":{"line":59,"column":8},"end":{"line":59,"column":29}},"15":{"start":{"line":62,"column":8},"end":{"line":62,"column":30}},"16":{"start":{"line":63,"column":8},"end":{"line":63,"column":38}},"17":{"start":{"line":66,"column":8},"end":{"line":66,"column":30}},"18":{"start":{"line":67,"column":8},"end":{"line":67,"column":47}},"19":{"start":{"line":71,"column":8},"end":{"line":71,"column":29}},"20":{"start":{"line":74,"column":8},"end":{"line":74,"column":30}},"21":{"start":{"line":75,"column":8},"end":{"line":75,"column":38}},"22":{"start":{"line":78,"column":8},"end":{"line":78,"column":30}},"23":{"start":{"line":79,"column":8},"end":{"line":79,"column":47}},"24":{"start":{"line":83,"column":8},"end":{"line":83,"column":29}},"25":{"start":{"line":86,"column":8},"end":{"line":86,"column":30}},"26":{"start":{"line":87,"column":8},"end":{"line":87,"column":37}},"27":{"start":{"line":90,"column":8},"end":{"line":90,"column":30}},"28":{"start":{"line":91,"column":8},"end":{"line":91,"column":47}},"29":{"start":{"line":95,"column":8},"end":{"line":95,"column":29}},"30":{"start":{"line":98,"column":8},"end":{"line":98,"column":30}},"31":{"start":{"line":99,"column":8},"end":{"line":99,"column":42}},"32":{"start":{"line":102,"column":8},"end":{"line":102,"column":30}},"33":{"start":{"line":103,"column":8},"end":{"line":103,"column":47}},"34":{"start":{"line":107,"column":8},"end":{"line":107,"column":29}},"35":{"start":{"line":110,"column":8},"end":{"line":110,"column":30}},"36":{"start":{"line":111,"column":8},"end":{"line":111,"column":41}},"37":{"start":{"line":114,"column":8},"end":{"line":114,"column":30}},"38":{"start":{"line":115,"column":8},"end":{"line":115,"column":47}},"39":{"start":{"line":121,"column":2},"end":{"line":127,"column":null}},"40":{"start":{"line":130,"column":0},"end":{"line":130,"column":34}}},"fnMap":{"0":{"name":"(anonymous_0)","decl":{"start":{"line":31,"column":15},"end":{"line":31,"column":16}},"loc":{"start":{"line":31,"column":54},"end":{"line":33,"column":5}}},"1":{"name":"(anonymous_1)","decl":{"start":{"line":34,"column":14},"end":{"line":34,"column":15}},"loc":{"start":{"line":34,"column":59},"end":{"line":36,"column":5}}},"2":{"name":"(anonymous_2)","decl":{"start":{"line":37,"column":16},"end":{"line":37,"column":17}},"loc":{"start":{"line":37,"column":54},"end":{"line":39,"column":5}}},"3":{"name":"(anonymous_3)","decl":{"start":{"line":40,"column":14},"end":{"line":40,"column":15}},"loc":{"start":{"line":40,"column":51},"end":{"line":42,"column":5}}},"4":{"name":"(anonymous_4)","decl":{"start":{"line":43,"column":18},"end":{"line":43,"column":19}},"loc":{"start":{"line":43,"column":55},"end":{"line":45,"column":5}}},"5":{"name":"(anonymous_5)","decl":{"start":{"line":46,"column":14},"end":{"line":46,"column":15}},"loc":{"start":{"line":46,"column":51},"end":{"line":48,"column":5}}},"6":{"name":"(anonymous_6)","decl":{"start":{"line":49,"column":17},"end":{"line":49,"column":18}},"loc":{"start":{"line":49,"column":23},"end":{"line":53,"column":5}}},"7":{"name":"(anonymous_7)","decl":{"start":{"line":55,"column":17},"end":{"line":55,"column":18}},"loc":{"start":{"line":55,"column":25},"end":{"line":117,"column":3}}},"8":{"name":"(anonymous_8)","decl":{"start":{"line":58,"column":36},"end":{"line":58,"column":37}},"loc":{"start":{"line":58,"column":42},"end":{"line":60,"column":7}}},"9":{"name":"(anonymous_9)","decl":{"start":{"line":61,"column":38},"end":{"line":61,"column":39}},"loc":{"start":{"line":61,"column":52},"end":{"line":64,"column":7}}},"10":{"name":"(anonymous_10)","decl":{"start":{"line":65,"column":37},"end":{"line":65,"column":38}},"loc":{"start":{"line":65,"column":51},"end":{"line":68,"column":7}}},"11":{"name":"(anonymous_11)","decl":{"start":{"line":70,"column":35},"end":{"line":70,"column":36}},"loc":{"start":{"line":70,"column":41},"end":{"line":72,"column":7}}},"12":{"name":"(anonymous_12)","decl":{"start":{"line":73,"column":37},"end":{"line":73,"column":38}},"loc":{"start":{"line":73,"column":51},"end":{"line":76,"column":7}}},"13":{"name":"(anonymous_13)","decl":{"start":{"line":77,"column":36},"end":{"line":77,"column":37}},"loc":{"start":{"line":77,"column":50},"end":{"line":80,"column":7}}},"14":{"name":"(anonymous_14)","decl":{"start":{"line":82,"column":37},"end":{"line":82,"column":38}},"loc":{"start":{"line":82,"column":43},"end":{"line":84,"column":7}}},"15":{"name":"(anonymous_15)","decl":{"start":{"line":85,"column":39},"end":{"line":85,"column":40}},"loc":{"start":{"line":85,"column":53},"end":{"line":88,"column":7}}},"16":{"name":"(anonymous_16)","decl":{"start":{"line":89,"column":38},"end":{"line":89,"column":39}},"loc":{"start":{"line":89,"column":52},"end":{"line":92,"column":7}}},"17":{"name":"(anonymous_17)","decl":{"start":{"line":94,"column":36},"end":{"line":94,"column":37}},"loc":{"start":{"line":94,"column":42},"end":{"line":96,"column":7}}},"18":{"name":"(anonymous_18)","decl":{"start":{"line":97,"column":38},"end":{"line":97,"column":39}},"loc":{"start":{"line":97,"column":52},"end":{"line":100,"column":7}}},"19":{"name":"(anonymous_19)","decl":{"start":{"line":101,"column":37},"end":{"line":101,"column":38}},"loc":{"start":{"line":101,"column":51},"end":{"line":104,"column":7}}},"20":{"name":"(anonymous_20)","decl":{"start":{"line":106,"column":43},"end":{"line":106,"column":44}},"loc":{"start":{"line":106,"column":49},"end":{"line":108,"column":7}}},"21":{"name":"(anonymous_21)","decl":{"start":{"line":109,"column":45},"end":{"line":109,"column":46}},"loc":{"start":{"line":109,"column":59},"end":{"line":112,"column":7}}},"22":{"name":"(anonymous_22)","decl":{"start":{"line":113,"column":44},"end":{"line":113,"column":45}},"loc":{"start":{"line":113,"column":58},"end":{"line":116,"column":7}}}},"branchMap":{},"s":{"0":2,"1":2,"2":2,"3":2,"4":1,"5":1,"6":1,"7":1,"8":1,"9":1,"10":1,"11":1,"12":1,"13":2,"14":1,"15":1,"16":1,"17":1,"18":1,"19":0,"20":0,"21":0,"22":0,"23":0,"24":0,"25":1,"26":1,"27":0,"28":0,"29":0,"30":0,"31":0,"32":0,"33":0,"34":0,"35":1,"36":1,"37":0,"38":0,"39":2,"40":2},"f":{"0":1,"1":1,"2":1,"3":1,"4":1,"5":1,"6":1,"7":2,"8":1,"9":1,"10":1,"11":0,"12":0,"13":0,"14":0,"15":1,"16":0,"17":0,"18":0,"19":0,"20":0,"21":1,"22":0},"b":{}}
,"C:\\Users\\thunderobot\\Project\\stellar-burgers-review\\src\\utils\\burger-api.ts": {"path":"C:\\Users\\thunderobot\\Project\\stellar-burgers-review\\src\\utils\\burger-api.ts","statementMap":{"0":{"start":{"line":1,"column":0},"end":{"line":1,"column":48}},"1":{"start":{"line":4,"column":12},"end":{"line":4,"column":38}},"2":{"start":{"line":6,"column":0},"end":{"line":9,"column":1}},"3":{"start":{"line":7,"column":2},"end":{"line":7,"column":71}},"4":{"start":{"line":8,"column":2},"end":{"line":8,"column":41}},"5":{"start":{"line":11,"column":22},"end":{"line":19,"column":1}},"6":{"start":{"line":12,"column":2},"end":{"line":17,"column":3}},"7":{"start":{"line":13,"column":4},"end":{"line":15,"column":5}},"8":{"start":{"line":14,"column":6},"end":{"line":14,"column":56}},"9":{"start":{"line":16,"column":4},"end":{"line":16,"column":57}},"10":{"start":{"line":16,"column":36},"end":{"line":16,"column":56}},"11":{"start":{"line":18,"column":2},"end":{"line":18,"column":20}},"12":{"start":{"line":30,"column":28},"end":{"line":31,"column":7}},"13":{"start":{"line":31,"column":2},"end":{"line":47,"column":7}},"14":{"start":{"line":40,"column":19},"end":{"line":40,"column":56}},"15":{"start":{"line":42,"column":6},"end":{"line":44,"column":7}},"16":{"start":{"line":43,"column":8},"end":{"line":43,"column":43}},"17":{"start":{"line":45,"column":6},"end":{"line":45,"column":56}},"18":{"start":{"line":46,"column":6},"end":{"line":46,"column":25}},"19":{"start":{"line":30,"column":13},"end":{"line":30,"column":28}},"20":{"start":{"line":49,"column":32},"end":{"line":69,"column":2}},"21":{"start":{"line":51,"column":22},"end":{"line":69,"column":2}},"22":{"start":{"line":54,"column":16},"end":{"line":54,"column":null}},"23":{"start":{"line":54,"column":10},"end":{"line":54,"column":null}},"24":{"start":{"line":55,"column":11},"end":{"line":55,"column":39}},"25":{"start":{"line":55,"column":4},"end":{"line":55,"column":39}},"26":{"start":{"line":57,"column":8},"end":{"line":57,"column":9}},"27":{"start":{"line":58,"column":26},"end":{"line":58,"column":null}},"28":{"start":{"line":58,"column":12},"end":{"line":58,"column":null}},"29":{"start":{"line":59,"column":6},"end":{"line":62,"column":7}},"30":{"start":{"line":60,"column":9},"end":{"line":61,"column":34}},"31":{"start":{"line":63,"column":18},"end":{"line":63,"column":null}},"32":{"start":{"line":63,"column":12},"end":{"line":63,"column":null}},"33":{"start":{"line":64,"column":13},"end":{"line":64,"column":41}},"34":{"start":{"line":64,"column":6},"end":{"line":64,"column":41}},"35":{"start":{"line":66,"column":6},"end":{"line":66,"column":33}},"36":{"start":{"line":49,"column":13},"end":{"line":49,"column":32}},"37":{"start":{"line":87,"column":33},"end":{"line":111,"column":2}},"38":{"start":{"line":92,"column":21},"end":{"line":92,"column":null}},"39":{"start":{"line":92,"column":10},"end":{"line":92,"column":null}},"40":{"start":{"line":93,"column":10},"end":{"line":93,"column":61}},"41":{"start":{"line":94,"column":8},"end":{"line":94,"column":9}},"42":{"start":{"line":95,"column":19},"end":{"line":95,"column":null}},"43":{"start":{"line":95,"column":12},"end":{"line":95,"column":null}},"44":{"start":{"line":96,"column":6},"end":{"line":96,"column":73}},"45":{"start":{"line":98,"column":17},"end":{"line":98,"column":null}},"46":{"start":{"line":98,"column":10},"end":{"line":98,"column":null}},"47":{"start":{"line":99,"column":4},"end":{"line":101,"column":5}},"48":{"start":{"line":100,"column":6},"end":{"line":100,"column":75}},"49":{"start":{"line":103,"column":4},"end":{"line":103,"column":16}},"50":{"start":{"line":105,"column":10},"end":{"line":108,"column":57}},"51":{"start":{"line":109,"column":4},"end":{"line":109,"column":34}},"52":{"start":{"line":87,"column":13},"end":{"line":87,"column":33}},"53":{"start":{"line":113,"column":27},"end":{"line":114,"column":7}},"54":{"start":{"line":114,"column":2},"end":{"line":119,"column":7}},"55":{"start":{"line":115,"column":19},"end":{"line":115,"column":54}},"56":{"start":{"line":117,"column":6},"end":{"line":117,"column":37}},"57":{"start":{"line":117,"column":25},"end":{"line":117,"column":37}},"58":{"start":{"line":118,"column":6},"end":{"line":118,"column":34}},"59":{"start":{"line":113,"column":13},"end":{"line":113,"column":27}},"60":{"start":{"line":121,"column":28},"end":{"line":122,"column":18}},"61":{"start":{"line":122,"column":2},"end":{"line":131,"column":5}},"62":{"start":{"line":129,"column":4},"end":{"line":129,"column":42}},"63":{"start":{"line":129,"column":23},"end":{"line":129,"column":42}},"64":{"start":{"line":130,"column":4},"end":{"line":130,"column":32}},"65":{"start":{"line":121,"column":13},"end":{"line":121,"column":28}},"66":{"start":{"line":138,"column":30},"end":{"line":139,"column":18}},"67":{"start":{"line":139,"column":2},"end":{"line":151,"column":5}},"68":{"start":{"line":149,"column":4},"end":{"line":149,"column":35}},"69":{"start":{"line":149,"column":23},"end":{"line":149,"column":35}},"70":{"start":{"line":150,"column":4},"end":{"line":150,"column":32}},"71":{"start":{"line":138,"column":13},"end":{"line":138,"column":30}},"72":{"start":{"line":157,"column":35},"end":{"line":158,"column":7}},"73":{"start":{"line":158,"column":2},"end":{"line":163,"column":55}},"74":{"start":{"line":163,"column":19},"end":{"line":163,"column":54}},"75":{"start":{"line":157,"column":13},"end":{"line":157,"column":35}},"76":{"start":{"line":177,"column":31},"end":{"line":178,"column":7}},"77":{"start":{"line":178,"column":2},"end":{"line":189,"column":7}},"78":{"start":{"line":185,"column":19},"end":{"line":185,"column":53}},"79":{"start":{"line":187,"column":6},"end":{"line":187,"column":37}},"80":{"start":{"line":187,"column":25},"end":{"line":187,"column":37}},"81":{"start":{"line":188,"column":6},"end":{"line":188,"column":34}},"82":{"start":{"line":177,"column":13},"end":{"line":177,"column":31}},"83":{"start":{"line":196,"column":28},"end":{"line":197,"column":7}},"84":{"start":{"line":197,"column":2},"end":{"line":208,"column":7}},"85":{"start":{"line":204,"column":19},"end":{"line":204,"column":53}},"86":{"start":{"line":206,"column":6},"end":{"line":206,"column":37}},"87":{"start":{"line":206,"column":25},"end":{"line":206,"column":37}},"88":{"start":{"line":207,"column":6},"end":{"line":207,"column":34}},"89":{"start":{"line":196,"column":13},"end":{"line":196,"column":28}},"90":{"start":{"line":210,"column":33},"end":{"line":211,"column":7}},"91":{"start":{"line":211,"column":2},"end":{"line":222,"column":7}},"92":{"start":{"line":218,"column":19},"end":{"line":218,"column":59}},"93":{"start":{"line":220,"column":6},"end":{"line":220,"column":37}},"94":{"start":{"line":220,"column":25},"end":{"line":220,"column":37}},"95":{"start":{"line":221,"column":6},"end":{"line":221,"column":34}},"96":{"start":{"line":210,"column":13},"end":{"line":210,"column":33}},"97":{"start":{"line":224,"column":32},"end":{"line":225,"column":7}},"98":{"start":{"line":225,"column":2},"end":{"line":236,"column":7}},"99":{"start":{"line":232,"column":19},"end":{"line":232,"column":59}},"100":{"start":{"line":234,"column":6},"end":{"line":234,"column":37}},"101":{"start":{"line":234,"column":25},"end":{"line":234,"column":37}},"102":{"start":{"line":235,"column":6},"end":{"line":235,"column":34}},"103":{"start":{"line":224,"column":13},"end":{"line":224,"column":32}},"104":{"start":{"line":240,"column":26},"end":{"line":241,"column":18}},"105":{"start":{"line":241,"column":2},"end":{"line":245,"column":5}},"106":{"start":{"line":240,"column":13},"end":{"line":240,"column":26}},"107":{"start":{"line":247,"column":29},"end":{"line":248,"column":18}},"108":{"start":{"line":248,"column":2},"end":{"line":255,"column":5}},"109":{"start":{"line":247,"column":13},"end":{"line":247,"column":29}},"110":{"start":{"line":257,"column":25},"end":{"line":258,"column":7}},"111":{"start":{"line":258,"column":2},"end":{"line":266,"column":60}},"112":{"start":{"line":266,"column":19},"end":{"line":266,"column":59}},"113":{"start":{"line":257,"column":13},"end":{"line":257,"column":25}}},"fnMap":{"0":{"name":"(anonymous_13)","decl":{"start":{"line":11,"column":22},"end":{"line":11,"column":26}},"loc":{"start":{"line":11,"column":39},"end":{"line":19,"column":1}}},"1":{"name":"(anonymous_14)","decl":{"start":{"line":16,"column":27},"end":{"line":16,"column":28}},"loc":{"start":{"line":16,"column":31},"end":{"line":16,"column":43}}},"2":{"name":"(anonymous_15)","decl":{"start":{"line":30,"column":28},"end":{"line":30,"column":null}},"loc":{"start":{"line":30,"column":28},"end":{"line":31,"column":7}}},"3":{"name":"(anonymous_16)","decl":{"start":{"line":40,"column":10},"end":{"line":40,"column":11}},"loc":{"start":{"line":40,"column":14},"end":{"line":40,"column":32}}},"4":{"name":"(anonymous_17)","decl":{"start":{"line":41,"column":10},"end":{"line":41,"column":11}},"loc":{"start":{"line":41,"column":22},"end":{"line":47,"column":5}}},"5":{"name":"(anonymous_18)","decl":{"start":{"line":49,"column":32},"end":{"line":49,"column":null}},"loc":{"start":{"line":51,"column":22},"end":{"line":69,"column":2}}},"6":{"name":"(anonymous_19)","decl":{"start":{"line":51,"column":22},"end":{"line":51,"column":null}},"loc":{"start":{"line":51,"column":22},"end":{"line":69,"column":2}}},"7":{"name":"(anonymous_21)","decl":{"start":{"line":87,"column":33},"end":{"line":87,"column":43}},"loc":{"start":{"line":87,"column":33},"end":{"line":111,"column":2}}},"8":{"name":"(anonymous_22)","decl":{"start":{"line":87,"column":50},"end":{"line":87,"column":null}},"loc":{"start":{"line":87,"column":50},"end":{"line":111,"column":2}}},"9":{"name":"(anonymous_24)","decl":{"start":{"line":113,"column":27},"end":{"line":113,"column":null}},"loc":{"start":{"line":113,"column":27},"end":{"line":114,"column":7}}},"10":{"name":"(anonymous_25)","decl":{"start":{"line":115,"column":10},"end":{"line":115,"column":11}},"loc":{"start":{"line":115,"column":14},"end":{"line":115,"column":32}}},"11":{"name":"(anonymous_26)","decl":{"start":{"line":116,"column":10},"end":{"line":116,"column":11}},"loc":{"start":{"line":116,"column":15},"end":{"line":119,"column":5}}},"12":{"name":"(anonymous_27)","decl":{"start":{"line":121,"column":28},"end":{"line":121,"column":null}},"loc":{"start":{"line":121,"column":28},"end":{"line":122,"column":18}}},"13":{"name":"(anonymous_28)","decl":{"start":{"line":128,"column":10},"end":{"line":128,"column":11}},"loc":{"start":{"line":128,"column":15},"end":{"line":131,"column":3}}},"14":{"name":"(anonymous_29)","decl":{"start":{"line":138,"column":30},"end":{"line":138,"column":31}},"loc":{"start":{"line":138,"column":45},"end":{"line":139,"column":18}}},"15":{"name":"(anonymous_30)","decl":{"start":{"line":148,"column":10},"end":{"line":148,"column":11}},"loc":{"start":{"line":148,"column":15},"end":{"line":151,"column":3}}},"16":{"name":"(anonymous_31)","decl":{"start":{"line":157,"column":35},"end":{"line":157,"column":36}},"loc":{"start":{"line":157,"column":50},"end":{"line":158,"column":7}}},"17":{"name":"(anonymous_32)","decl":{"start":{"line":163,"column":10},"end":{"line":163,"column":11}},"loc":{"start":{"line":163,"column":14},"end":{"line":163,"column":32}}},"18":{"name":"(anonymous_33)","decl":{"start":{"line":177,"column":31},"end":{"line":177,"column":32}},"loc":{"start":{"line":177,"column":51},"end":{"line":178,"column":7}}},"19":{"name":"(anonymous_34)","decl":{"start":{"line":185,"column":10},"end":{"line":185,"column":11}},"loc":{"start":{"line":185,"column":14},"end":{"line":185,"column":32}}},"20":{"name":"(anonymous_35)","decl":{"start":{"line":186,"column":10},"end":{"line":186,"column":11}},"loc":{"start":{"line":186,"column":15},"end":{"line":189,"column":5}}},"21":{"name":"(anonymous_36)","decl":{"start":{"line":196,"column":28},"end":{"line":196,"column":29}},"loc":{"start":{"line":196,"column":45},"end":{"line":197,"column":7}}},"22":{"name":"(anonymous_37)","decl":{"start":{"line":204,"column":10},"end":{"line":204,"column":11}},"loc":{"start":{"line":204,"column":14},"end":{"line":204,"column":32}}},"23":{"name":"(anonymous_38)","decl":{"start":{"line":205,"column":10},"end":{"line":205,"column":11}},"loc":{"start":{"line":205,"column":15},"end":{"line":208,"column":5}}},"24":{"name":"(anonymous_39)","decl":{"start":{"line":210,"column":33},"end":{"line":210,"column":34}},"loc":{"start":{"line":210,"column":57},"end":{"line":211,"column":7}}},"25":{"name":"(anonymous_40)","decl":{"start":{"line":218,"column":10},"end":{"line":218,"column":11}},"loc":{"start":{"line":218,"column":14},"end":{"line":218,"column":32}}},"26":{"name":"(anonymous_41)","decl":{"start":{"line":219,"column":10},"end":{"line":219,"column":11}},"loc":{"start":{"line":219,"column":15},"end":{"line":222,"column":5}}},"27":{"name":"(anonymous_42)","decl":{"start":{"line":224,"column":32},"end":{"line":224,"column":33}},"loc":{"start":{"line":224,"column":74},"end":{"line":225,"column":7}}},"28":{"name":"(anonymous_43)","decl":{"start":{"line":232,"column":10},"end":{"line":232,"column":11}},"loc":{"start":{"line":232,"column":14},"end":{"line":232,"column":32}}},"29":{"name":"(anonymous_44)","decl":{"start":{"line":233,"column":10},"end":{"line":233,"column":11}},"loc":{"start":{"line":233,"column":15},"end":{"line":236,"column":5}}},"30":{"name":"(anonymous_45)","decl":{"start":{"line":240,"column":26},"end":{"line":240,"column":null}},"loc":{"start":{"line":240,"column":26},"end":{"line":241,"column":18}}},"31":{"name":"(anonymous_46)","decl":{"start":{"line":247,"column":29},"end":{"line":247,"column":30}},"loc":{"start":{"line":247,"column":58},"end":{"line":248,"column":18}}},"32":{"name":"(anonymous_47)","decl":{"start":{"line":257,"column":25},"end":{"line":257,"column":null}},"loc":{"start":{"line":257,"column":25},"end":{"line":258,"column":7}}},"33":{"name":"(anonymous_48)","decl":{"start":{"line":266,"column":10},"end":{"line":266,"column":11}},"loc":{"start":{"line":266,"column":14},"end":{"line":266,"column":32}}}},"branchMap":{"0":{"loc":{"start":{"line":6,"column":0},"end":{"line":9,"column":1}},"type":"if","locations":[{"start":{"line":6,"column":0},"end":{"line":9,"column":1}}]},"1":{"loc":{"start":{"line":12,"column":2},"end":{"line":17,"column":3}},"type":"if","locations":[{"start":{"line":12,"column":2},"end":{"line":17,"column":3}}]},"2":{"loc":{"start":{"line":13,"column":4},"end":{"line":15,"column":5}},"type":"if","locations":[{"start":{"line":13,"column":4},"end":{"line":15,"column":5}}]},"3":{"loc":{"start":{"line":13,"column":8},"end":{"line":13,"column":49}},"type":"binary-expr","locations":[{"start":{"line":13,"column":8},"end":{"line":13,"column":29}},{"start":{"line":13,"column":33},"end":{"line":13,"column":49}}]},"4":{"loc":{"start":{"line":42,"column":6},"end":{"line":44,"column":7}},"type":"if","locations":[{"start":{"line":42,"column":6},"end":{"line":44,"column":7}}]},"5":{"loc":{"start":{"line":55,"column":4},"end":{"line":55,"column":39}},"type":"switch","locations":[{"start":{"line":55,"column":4},"end":{"line":55,"column":39}},{"start":{"line":64,"column":6},"end":{"line":64,"column":41}},{"start":{"line":66,"column":6},"end":{"line":66,"column":33}}]},"6":{"loc":{"start":{"line":57,"column":8},"end":{"line":57,"column":9}},"type":"if","locations":[{"start":{"line":57,"column":8},"end":{"line":57,"column":9}}]},"7":{"loc":{"start":{"line":59,"column":6},"end":{"line":62,"column":7}},"type":"if","locations":[{"start":{"line":59,"column":6},"end":{"line":62,"column":7}}]},"8":{"loc":{"start":{"line":98,"column":17},"end":{"line":98,"column":null}},"type":"switch","locations":[{"start":{"line":98,"column":17},"end":{"line":98,"column":null}}]},"9":{"loc":{"start":{"line":94,"column":8},"end":{"line":94,"column":9}},"type":"if","locations":[{"start":{"line":94,"column":8},"end":{"line":94,"column":9}}]},"10":{"loc":{"start":{"line":94,"column":8},"end":{"line":94,"column":65}},"type":"binary-expr","locations":[{"start":{"line":94,"column":8},"end":{"line":94,"column":20}},{"start":{"line":94,"column":24},"end":{"line":94,"column":65}}]},"11":{"loc":{"start":{"line":99,"column":4},"end":{"line":101,"column":5}},"type":"if","locations":[{"start":{"line":99,"column":4},"end":{"line":101,"column":5}}]},"12":{"loc":{"start":{"line":100,"column":22},"end":{"line":100,"column":73}},"type":"binary-expr","locations":[{"start":{"line":100,"column":22},"end":{"line":100,"column":34}},{"start":{"line":100,"column":38},"end":{"line":100,"column":73}}]},"13":{"loc":{"start":{"line":106,"column":6},"end":{"line":108,"column":56}},"type":"cond-expr","locations":[{"start":{"line":107,"column":10},"end":{"line":107,"column":23}},{"start":{"line":108,"column":10},"end":{"line":108,"column":56}}]},"14":{"loc":{"start":{"line":117,"column":6},"end":{"line":117,"column":37}},"type":"if","locations":[{"start":{"line":117,"column":6},"end":{"line":117,"column":37}}]},"15":{"loc":{"start":{"line":117,"column":10},"end":{"line":117,"column":23}},"type":"cond-expr","locations":[{"start":{"line":117,"column":14},"end":{"line":117,"column":16}},{"start":{"line":117,"column":10},"end":{"line":117,"column":23}}]},"16":{"loc":{"start":{"line":117,"column":10},"end":{"line":117,"column":16}},"type":"binary-expr","locations":[{"start":{"line":117,"column":10},"end":{"line":117,"column":16}},{"start":{"line":117,"column":10},"end":{"line":117,"column":16}}]},"17":{"loc":{"start":{"line":129,"column":4},"end":{"line":129,"column":42}},"type":"if","locations":[{"start":{"line":129,"column":4},"end":{"line":129,"column":42}}]},"18":{"loc":{"start":{"line":129,"column":8},"end":{"line":129,"column":21}},"type":"cond-expr","locations":[{"start":{"line":129,"column":12},"end":{"line":129,"column":14}},{"start":{"line":129,"column":8},"end":{"line":129,"column":21}}]},"19":{"loc":{"start":{"line":129,"column":8},"end":{"line":129,"column":14}},"type":"binary-expr","locations":[{"start":{"line":129,"column":8},"end":{"line":129,"column":14}},{"start":{"line":129,"column":8},"end":{"line":129,"column":14}}]},"20":{"loc":{"start":{"line":149,"column":4},"end":{"line":149,"column":35}},"type":"if","locations":[{"start":{"line":149,"column":4},"end":{"line":149,"column":35}}]},"21":{"loc":{"start":{"line":149,"column":8},"end":{"line":149,"column":21}},"type":"cond-expr","locations":[{"start":{"line":149,"column":12},"end":{"line":149,"column":14}},{"start":{"line":149,"column":8},"end":{"line":149,"column":21}}]},"22":{"loc":{"start":{"line":149,"column":8},"end":{"line":149,"column":14}},"type":"binary-expr","locations":[{"start":{"line":149,"column":8},"end":{"line":149,"column":14}},{"start":{"line":149,"column":8},"end":{"line":149,"column":14}}]},"23":{"loc":{"start":{"line":187,"column":6},"end":{"line":187,"column":37}},"type":"if","locations":[{"start":{"line":187,"column":6},"end":{"line":187,"column":37}}]},"24":{"loc":{"start":{"line":187,"column":10},"end":{"line":187,"column":23}},"type":"cond-expr","locations":[{"start":{"line":187,"column":14},"end":{"line":187,"column":16}},{"start":{"line":187,"column":10},"end":{"line":187,"column":23}}]},"25":{"loc":{"start":{"line":187,"column":10},"end":{"line":187,"column":16}},"type":"binary-expr","locations":[{"start":{"line":187,"column":10},"end":{"line":187,"column":16}},{"start":{"line":187,"column":10},"end":{"line":187,"column":16}}]},"26":{"loc":{"start":{"line":206,"column":6},"end":{"line":206,"column":37}},"type":"if","locations":[{"start":{"line":206,"column":6},"end":{"line":206,"column":37}}]},"27":{"loc":{"start":{"line":206,"column":10},"end":{"line":206,"column":23}},"type":"cond-expr","locations":[{"start":{"line":206,"column":14},"end":{"line":206,"column":16}},{"start":{"line":206,"column":10},"end":{"line":206,"column":23}}]},"28":{"loc":{"start":{"line":206,"column":10},"end":{"line":206,"column":16}},"type":"binary-expr","locations":[{"start":{"line":206,"column":10},"end":{"line":206,"column":16}},{"start":{"line":206,"column":10},"end":{"line":206,"column":16}}]},"29":{"loc":{"start":{"line":220,"column":6},"end":{"line":220,"column":37}},"type":"if","locations":[{"start":{"line":220,"column":6},"end":{"line":220,"column":37}}]},"30":{"loc":{"start":{"line":220,"column":10},"end":{"line":220,"column":23}},"type":"cond-expr","locations":[{"start":{"line":220,"column":14},"end":{"line":220,"column":16}},{"start":{"line":220,"column":10},"end":{"line":220,"column":23}}]},"31":{"loc":{"start":{"line":220,"column":10},"end":{"line":220,"column":16}},"type":"binary-expr","locations":[{"start":{"line":220,"column":10},"end":{"line":220,"column":16}},{"start":{"line":220,"column":10},"end":{"line":220,"column":16}}]},"32":{"loc":{"start":{"line":234,"column":6},"end":{"line":234,"column":37}},"type":"if","locations":[{"start":{"line":234,"column":6},"end":{"line":234,"column":37}}]},"33":{"loc":{"start":{"line":234,"column":10},"end":{"line":234,"column":23}},"type":"cond-expr","locations":[{"start":{"line":234,"column":14},"end":{"line":234,"column":16}},{"start":{"line":234,"column":10},"end":{"line":234,"column":23}}]},"34":{"loc":{"start":{"line":234,"column":10},"end":{"line":234,"column":16}},"type":"binary-expr","locations":[{"start":{"line":234,"column":10},"end":{"line":234,"column":16}},{"start":{"line":234,"column":10},"end":{"line":234,"column":16}}]}},"s":{"0":4,"1":4,"2":4,"3":0,"4":0,"5":4,"6":0,"7":0,"8":0,"9":0,"10":0,"11":0,"12":4,"13":0,"14":0,"15":0,"16":0,"17":0,"18":0,"19":4,"20":4,"21":0,"22":0,"23":0,"24":0,"25":0,"26":0,"27":0,"28":0,"29":0,"30":0,"31":0,"32":0,"33":0,"34":0,"35":0,"36":4,"37":4,"38":0,"39":0,"40":0,"41":0,"42":0,"43":0,"44":0,"45":0,"46":0,"47":0,"48":0,"49":0,"50":0,"51":0,"52":4,"53":4,"54":0,"55":0,"56":0,"57":0,"58":0,"59":4,"60":4,"61":0,"62":0,"63":0,"64":0,"65":4,"66":4,"67":0,"68":0,"69":0,"70":0,"71":4,"72":4,"73":0,"74":0,"75":4,"76":4,"77":0,"78":0,"79":0,"80":0,"81":0,"82":4,"83":4,"84":0,"85":0,"86":0,"87":0,"88":0,"89":4,"90":4,"91":0,"92":0,"93":0,"94":0,"95":0,"96":4,"97":4,"98":0,"99":0,"100":0,"101":0,"102":0,"103":4,"104":4,"105":0,"106":4,"107":4,"108":0,"109":4,"110":4,"111":0,"112":0,"113":4},"f":{"0":0,"1":0,"2":0,"3":0,"4":0,"5":0,"6":0,"7":0,"8":0,"9":0,"10":0,"11":0,"12":0,"13":0,"14":0,"15":0,"16":0,"17":0,"18":0,"19":0,"20":0,"21":0,"22":0,"23":0,"24":0,"25":0,"26":0,"27":0,"28":0,"29":0,"30":0,"31":0,"32":0,"33":0},"b":{"0":[0],"1":[0],"2":[0],"3":[0,0],"4":[0],"5":[0,0,0],"6":[0],"7":[0],"8":[0],"9":[0],"10":[0,0],"11":[0],"12":[0,0],"13":[0,0],"14":[0],"15":[0,0],"16":[0,0],"17":[0],"18":[0,0],"19":[0,0],"20":[0],"21":[0,0],"22":[0,0],"23":[0],"24":[0,0],"25":[0,0],"26":[0],"27":[0,0],"28":[0,0],"29":[0],"30":[0,0],"31":[0,0],"32":[0],"33":[0,0],"34":[0,0]}}
,"C:\\Users\\thunderobot\\Project\\stellar-burgers-review\\src\\utils\\cookie.ts": {"path":"C:\\Users\\thunderobot\\Project\\stellar-burgers-review\\src\\utils\\cookie.ts","statementMap":{"0":{"start":{"line":2,"column":0},"end":{"line":2,"column":16}},"1":{"start":{"line":14,"column":0},"end":{"line":14,"column":16}},"2":{"start":{"line":46,"column":0},"end":{"line":46,"column":16}},"3":{"start":{"line":1,"column":0},"end":{"line":1,"column":39}},"4":{"start":{"line":3,"column":18},"end":{"line":9,"column":null}},"5":{"start":{"line":11,"column":2},"end":{"line":11,"column":62}},"6":{"start":{"line":17,"column":2},"end":{"line":17,"column":null}},"7":{"start":{"line":19,"column":2},"end":{"line":22,"column":4}},"8":{"start":{"line":24,"column":12},"end":{"line":24,"column":25}},"9":{"start":{"line":25,"column":2},"end":{"line":29,"column":3}},"10":{"start":{"line":26,"column":14},"end":{"line":26,"column":24}},"11":{"start":{"line":27,"column":4},"end":{"line":27,"column":40}},"12":{"start":{"line":28,"column":4},"end":{"line":28,"column":28}},"13":{"start":{"line":31,"column":2},"end":{"line":33,"column":3}},"14":{"start":{"line":32,"column":4},"end":{"line":32,"column":38}},"15":{"start":{"line":34,"column":2},"end":{"line":34,"column":36}},"16":{"start":{"line":35,"column":22},"end":{"line":35,"column":40}},"17":{"start":{"line":36,"column":2},"end":{"line":42,"column":3}},"18":{"start":{"line":37,"column":4},"end":{"line":37,"column":37}},"19":{"start":{"line":38,"column":22},"end":{"line":38,"column":37}},"20":{"start":{"line":39,"column":4},"end":{"line":41,"column":5}},"21":{"start":{"line":40,"column":6},"end":{"line":40,"column":39}},"22":{"start":{"line":43,"column":2},"end":{"line":43,"column":34}},"23":{"start":{"line":47,"column":2},"end":{"line":47,"column":39}}},"fnMap":{"0":{"name":"getCookie","decl":{"start":{"line":2,"column":16},"end":{"line":2,"column":25}},"loc":{"start":{"line":2,"column":38},"end":{"line":12,"column":1}}},"1":{"name":"setCookie","decl":{"start":{"line":14,"column":16},"end":{"line":14,"column":25}},"loc":{"start":{"line":17,"column":65},"end":{"line":44,"column":1}}},"2":{"name":"deleteCookie","decl":{"start":{"line":46,"column":16},"end":{"line":46,"column":28}},"loc":{"start":{"line":46,"column":41},"end":{"line":48,"column":1}}}},"branchMap":{"0":{"loc":{"start":{"line":11,"column":9},"end":{"line":11,"column":61}},"type":"cond-expr","locations":[{"start":{"line":11,"column":19},"end":{"line":11,"column":49}},{"start":{"line":11,"column":52},"end":{"line":11,"column":61}}]},"1":{"loc":{"start":{"line":17,"column":2},"end":{"line":17,"column":null}},"type":"if","locations":[{"start":{"line":17,"column":2},"end":{"line":17,"column":null}}]},"2":{"loc":{"start":{"line":25,"column":2},"end":{"line":29,"column":3}},"type":"if","locations":[{"start":{"line":25,"column":2},"end":{"line":29,"column":3}}]},"3":{"loc":{"start":{"line":25,"column":6},"end":{"line":25,"column":36}},"type":"binary-expr","locations":[{"start":{"line":25,"column":6},"end":{"line":25,"column":9}},{"start":{"line":25,"column":13},"end":{"line":25,"column":36}}]},"4":{"loc":{"start":{"line":31,"column":2},"end":{"line":33,"column":3}},"type":"if","locations":[{"start":{"line":31,"column":2},"end":{"line":33,"column":3}}]},"5":{"loc":{"start":{"line":31,"column":6},"end":{"line":31,"column":32}},"type":"binary-expr","locations":[{"start":{"line":31,"column":6},"end":{"line":31,"column":9}},{"start":{"line":31,"column":13},"end":{"line":31,"column":32}}]},"6":{"loc":{"start":{"line":39,"column":4},"end":{"line":41,"column":5}},"type":"if","locations":[{"start":{"line":39,"column":4},"end":{"line":41,"column":5}}]}},"s":{"0":4,"1":4,"2":4,"3":4,"4":2,"5":2,"6":0,"7":0,"8":0,"9":0,"10":0,"11":0,"12":0,"13":0,"14":0,"15":0,"16":0,"17":0,"18":0,"19":0,"20":0,"21":0,"22":0,"23":0},"f":{"0":2,"1":0,"2":0},"b":{"0":[0,2],"1":[0],"2":[0],"3":[0,0],"4":[0],"5":[0,0],"6":[0]}}
,"C:\\Users\\thunderobot\\Project\\stellar-burgers-review\\src\\utils\\routes.enum.ts": {"path":"C:\\Users\\thunderobot\\Project\\stellar-burgers-review\\src\\utils\\routes.enum.ts","statementMap":{"0":{"start":{"line":1,"column":0},"end":{"line":1,"column":null}},"1":{"start":{"line":2,"column":2},"end":{"line":2,"column":null}},"2":{"start":{"line":3,"column":2},"end":{"line":3,"column":null}},"3":{"start":{"line":4,"column":2},"end":{"line":4,"column":null}},"4":{"start":{"line":5,"column":2},"end":{"line":5,"column":null}},"5":{"start":{"line":6,"column":2},"end":{"line":6,"column":null}},"6":{"start":{"line":7,"column":2},"end":{"line":7,"column":null}},"7":{"start":{"line":8,"column":2},"end":{"line":8,"column":null}},"8":{"start":{"line":9,"column":2},"end":{"line":9,"column":null}},"9":{"start":{"line":10,"column":2},"end":{"line":10,"column":null}},"10":{"start":{"line":11,"column":2},"end":{"line":11,"column":null}},"11":{"start":{"line":12,"column":2},"end":{"line":12,"column":null}}},"fnMap":{"0":{"name":"(anonymous_0)","decl":{"start":{"line":1,"column":0},"end":{"line":1,"column":12}},"loc":{"start":{"line":1,"column":18},"end":{"line":13,"column":1}}}},"branchMap":{"0":{"loc":{"start":{"line":1,"column":12},"end":{"line":1,"column":null}},"type":"binary-expr","locations":[{"start":{"line":1,"column":12},"end":{"line":1,"column":18}},{"start":{"line":1,"column":18},"end":{"line":1,"column":null}}]}},"s":{"0":4,"1":4,"2":4,"3":4,"4":4,"5":4,"6":4,"7":4,"8":4,"9":4,"10":4,"11":4},"f":{"0":4},"b":{"0":[4,4]}}
,"C:\\Users\\thunderobot\\Project\\stellar-burgers-review\\src\\utils\\mappingDTO\\ingredientsMapper.tsx": {"path":"C:\\Users\\thunderobot\\Project\\stellar-burgers-review\\src\\utils\\mappingDTO\\ingredientsMapper.tsx","statementMap":{"0":{"start":{"line":3,"column":30},"end":{"line":4,"column":6}},"1":{"start":{"line":4,"column":2},"end":{"line":17,"column":6}},"2":{"start":{"line":4,"column":21},"end":{"line":17,"column":5}},"3":{"start":{"line":3,"column":13},"end":{"line":3,"column":30}}},"fnMap":{"0":{"name":"(anonymous_0)","decl":{"start":{"line":3,"column":30},"end":{"line":3,"column":31}},"loc":{"start":{"line":3,"column":52},"end":{"line":4,"column":6}}},"1":{"name":"(anonymous_1)","decl":{"start":{"line":4,"column":11},"end":{"line":4,"column":12}},"loc":{"start":{"line":4,"column":16},"end":{"line":17,"column":5}}}},"branchMap":{"0":{"loc":{"start":{"line":16,"column":9},"end":{"line":16,"column":22}},"type":"cond-expr","locations":[{"start":{"line":16,"column":17},"end":{"line":16,"column":21}},{"start":{"line":16,"column":21},"end":{"line":16,"column":22}}]},"1":{"loc":{"start":{"line":16,"column":9},"end":{"line":16,"column":21}},"type":"binary-expr","locations":[{"start":{"line":16,"column":9},"end":{"line":16,"column":21}},{"start":{"line":16,"column":17},"end":{"line":16,"column":21}}]}},"s":{"0":2,"1":0,"2":0,"3":2},"f":{"0":0,"1":0},"b":{"0":[0,0],"1":[0,0]}}
}
