TN:
SF:src\services\rootReducer.ts
FNF:0
FNH:0
DA:1,1
DA:2,1
DA:3,1
DA:4,1
DA:5,1
DA:6,1
DA:13,1
LF:7
LH:7
BRF:0
BRH:0
end_of_record
TN:
SF:src\services\actions\authActions.ts
FN:33,(anonymous_13)
FN:44,(anonymous_16)
FN:62,(anonymous_19)
FN:74,(anonymous_22)
FN:90,(anonymous_25)
FN:106,(anonymous_28)
FN:122,(anonymous_31)
FNF:7
FNH:0
FNDA:0,(anonymous_13)
FNDA:0,(anonymous_16)
FNDA:0,(anonymous_19)
FNDA:0,(anonymous_22)
FNDA:0,(anonymous_25)
FNDA:0,(anonymous_28)
FNDA:0,(anonymous_31)
DA:1,2
DA:10,2
DA:31,2
DA:33,0
DA:35,0
DA:36,0
DA:38,0
DA:42,2
DA:44,0
DA:46,0
DA:49,0
DA:50,0
DA:51,0
DA:53,0
DA:56,0
DA:60,2
DA:62,0
DA:64,0
DA:65,0
DA:67,0
DA:71,2
DA:74,0
DA:76,0
DA:77,0
DA:78,0
DA:80,0
DA:83,0
DA:87,2
DA:90,0
DA:92,0
DA:93,0
DA:94,0
DA:96,0
DA:99,0
DA:103,2
DA:106,0
DA:108,0
DA:109,0
DA:110,0
DA:112,0
DA:115,0
DA:119,2
DA:122,0
DA:124,0
DA:125,0
DA:126,0
DA:128,0
DA:131,0
LF:48
LH:9
BRDA:50,0,0,0
BRDA:50,0,1,0
BRDA:77,1,0,0
BRDA:77,1,1,0
BRDA:93,2,0,0
BRDA:93,2,1,0
BRDA:109,3,0,0
BRDA:109,3,1,0
BRDA:125,4,0,0
BRDA:125,4,1,0
BRF:10
BRH:0
end_of_record
TN:
SF:src\services\actions\orderActions.ts
FN:12,(anonymous_13)
FN:28,(anonymous_16)
FN:44,(anonymous_19)
FN:60,(anonymous_22)
FN:76,(anonymous_25)
FNF:5
FNH:0
FNDA:0,(anonymous_13)
FNDA:0,(anonymous_16)
FNDA:0,(anonymous_19)
FNDA:0,(anonymous_22)
FNDA:0,(anonymous_25)
DA:1,2
DA:7,2
DA:9,2
DA:10,2
DA:12,0
DA:14,0
DA:15,0
DA:16,0
DA:18,0
DA:21,0
DA:26,2
DA:28,0
DA:30,0
DA:31,0
DA:32,0
DA:34,0
DA:37,0
DA:42,2
DA:44,0
DA:46,0
DA:47,0
DA:48,0
DA:50,0
DA:53,0
DA:58,2
DA:60,0
DA:62,0
DA:63,0
DA:64,0
DA:66,0
DA:69,0
DA:74,2
DA:76,0
DA:78,0
DA:79,0
DA:80,0
DA:81,0
DA:83,0
DA:86,0
LF:39
LH:8
BRDA:15,0,0,0
BRDA:15,0,1,0
BRDA:15,1,0,0
BRDA:15,1,1,0
BRDA:31,2,0,0
BRDA:31,2,1,0
BRDA:47,3,0,0
BRDA:47,3,1,0
BRDA:63,4,0,0
BRDA:63,4,1,0
BRDA:63,5,0,0
BRDA:63,5,1,0
BRDA:63,6,0,0
BRDA:63,6,1,0
BRDA:79,7,0,0
BRDA:79,7,1,0
BRDA:79,8,0,0
BRDA:79,8,1,0
BRDA:79,9,0,0
BRDA:79,9,1,0
BRF:20
BRH:0
end_of_record
TN:
SF:src\services\slices\authSlice.ts
FN:39,(anonymous_0)
FN:42,(anonymous_1)
FN:48,(anonymous_2)
FN:55,(anonymous_3)
FN:64,(anonymous_4)
FN:66,(anonymous_5)
FN:70,(anonymous_6)
FN:80,(anonymous_7)
FN:85,(anonymous_8)
FN:89,(anonymous_9)
FN:99,(anonymous_10)
FN:104,(anonymous_11)
FN:108,(anonymous_12)
FN:112,(anonymous_13)
FN:118,(anonymous_14)
FN:122,(anonymous_15)
FN:126,(anonymous_16)
FN:131,(anonymous_17)
FN:135,(anonymous_18)
FN:139,(anonymous_19)
FN:143,(anonymous_20)
FN:147,(anonymous_21)
FN:154,(anonymous_22)
FN:158,(anonymous_23)
FN:161,(anonymous_24)
FN:170,(anonymous_25)
FNF:26
FNH:9
FNDA:1,(anonymous_0)
FNDA:1,(anonymous_1)
FNDA:1,(anonymous_2)
FNDA:1,(anonymous_3)
FNDA:2,(anonymous_4)
FNDA:1,(anonymous_5)
FNDA:1,(anonymous_6)
FNDA:1,(anonymous_7)
FNDA:0,(anonymous_8)
FNDA:0,(anonymous_9)
FNDA:0,(anonymous_10)
FNDA:0,(anonymous_11)
FNDA:1,(anonymous_12)
FNDA:0,(anonymous_13)
FNDA:0,(anonymous_14)
FNDA:0,(anonymous_15)
FNDA:0,(anonymous_16)
FNDA:0,(anonymous_17)
FNDA:0,(anonymous_18)
FNDA:0,(anonymous_19)
FNDA:0,(anonymous_20)
FNDA:0,(anonymous_21)
FNDA:0,(anonymous_22)
FNDA:0,(anonymous_23)
FNDA:0,(anonymous_24)
FNDA:0,(anonymous_25)
DA:1,2
DA:2,2
DA:3,2
DA:24,2
DA:35,2
DA:40,1
DA:46,1
DA:52,1
DA:53,1
DA:56,1
DA:57,1
DA:58,1
DA:59,1
DA:60,1
DA:61,1
DA:65,2
DA:67,1
DA:68,1
DA:71,1
DA:72,1
DA:73,1
DA:77,1
DA:78,1
DA:81,1
DA:82,1
DA:86,0
DA:87,0
DA:90,0
DA:91,0
DA:92,0
DA:96,0
DA:97,0
DA:100,0
DA:101,0
DA:105,0
DA:106,0
DA:109,1
DA:110,1
DA:113,0
DA:114,0
DA:115,0
DA:119,0
DA:120,0
DA:123,0
DA:124,0
DA:127,0
DA:128,0
DA:129,0
DA:132,0
DA:133,0
DA:136,0
DA:137,0
DA:140,0
DA:141,0
DA:144,0
DA:145,0
DA:148,0
DA:149,0
DA:150,0
DA:151,0
DA:152,0
DA:155,0
DA:156,0
DA:159,0
DA:162,0
DA:163,0
DA:164,0
DA:168,0
DA:171,0
DA:172,0
DA:173,0
DA:174,0
DA:175,0
DA:176,0
DA:181,2
DA:183,2
LF:76
LH:29
BRDA:27,0,0,2
BRDA:27,0,1,2
BRF:2
BRH:2
end_of_record
TN:
SF:src\services\slices\constructorSlice.ts
FN:22,(anonymous_3)
FN:26,(anonymous_4)
FN:30,(anonymous_5)
FN:33,(anonymous_6)
FN:36,(anonymous_7)
FN:49,(anonymous_8)
FN:52,(anonymous_9)
FN:56,(anonymous_10)
FN:74,(anonymous_11)
FN:77,(anonymous_12)
FN:80,(anonymous_13)
FN:83,(anonymous_14)
FNF:12
FNH:8
FNDA:1,(anonymous_3)
FNDA:1,(anonymous_4)
FNDA:1,(anonymous_5)
FNDA:2,(anonymous_6)
FNDA:1,(anonymous_7)
FNDA:1,(anonymous_8)
FNDA:1,(anonymous_9)
FNDA:1,(anonymous_10)
FNDA:0,(anonymous_11)
FNDA:0,(anonymous_12)
FNDA:0,(anonymous_13)
FNDA:0,(anonymous_14)
DA:1,2
DA:11,2
DA:18,2
DA:22,1
DA:26,1
DA:30,1
DA:33,2
DA:40,1
DA:41,1
DA:42,1
DA:43,1
DA:44,1
DA:49,1
DA:52,1
DA:56,1
DA:64,2
DA:73,2
DA:74,2
DA:75,0
DA:77,2
DA:78,0
DA:80,2
DA:81,0
DA:83,2
DA:84,0
LF:25
LH:21
BRDA:28,0,0,1
BRDA:28,0,1,0
BRDA:32,1,0,1
BRDA:32,1,1,0
BRDA:40,2,0,1
BRDA:40,2,1,0
BRF:6
BRH:3
end_of_record
TN:
SF:src\services\slices\ingredientsSlice.ts
FN:20,(anonymous_13)
FN:31,(anonymous_16)
FN:33,(anonymous_17)
FN:37,(anonymous_18)
FN:41,(anonymous_19)
FNF:5
FNH:4
FNDA:0,(anonymous_13)
FNDA:2,(anonymous_16)
FNDA:1,(anonymous_17)
FNDA:1,(anonymous_18)
FNDA:1,(anonymous_19)
DA:1,2
DA:2,2
DA:4,2
DA:12,2
DA:18,2
DA:20,0
DA:21,0
DA:22,0
DA:23,0
DA:27,2
DA:32,2
DA:34,1
DA:35,1
DA:38,1
DA:39,1
DA:42,1
DA:43,1
DA:48,2
LF:18
LH:14
BRDA:21,0,0,0
BRDA:43,1,0,1
BRDA:43,1,1,0
BRF:3
BRH:1
end_of_record
TN:
SF:src\services\slices\orderSlice.ts
FN:31,(anonymous_0)
FN:34,(anonymous_1)
FN:37,(anonymous_2)
FN:40,(anonymous_3)
FN:43,(anonymous_4)
FN:46,(anonymous_5)
FN:49,(anonymous_6)
FN:55,(anonymous_7)
FN:58,(anonymous_8)
FN:61,(anonymous_9)
FN:65,(anonymous_10)
FN:70,(anonymous_11)
FN:73,(anonymous_12)
FN:77,(anonymous_13)
FN:82,(anonymous_14)
FN:85,(anonymous_15)
FN:89,(anonymous_16)
FN:94,(anonymous_17)
FN:97,(anonymous_18)
FN:101,(anonymous_19)
FN:106,(anonymous_20)
FN:109,(anonymous_21)
FN:113,(anonymous_22)
FNF:23
FNH:13
FNDA:1,(anonymous_0)
FNDA:1,(anonymous_1)
FNDA:1,(anonymous_2)
FNDA:1,(anonymous_3)
FNDA:1,(anonymous_4)
FNDA:1,(anonymous_5)
FNDA:1,(anonymous_6)
FNDA:2,(anonymous_7)
FNDA:1,(anonymous_8)
FNDA:1,(anonymous_9)
FNDA:1,(anonymous_10)
FNDA:0,(anonymous_11)
FNDA:0,(anonymous_12)
FNDA:0,(anonymous_13)
FNDA:0,(anonymous_14)
FNDA:1,(anonymous_15)
FNDA:0,(anonymous_16)
FNDA:0,(anonymous_17)
FNDA:0,(anonymous_18)
FNDA:0,(anonymous_19)
FNDA:0,(anonymous_20)
FNDA:1,(anonymous_21)
FNDA:0,(anonymous_22)
DA:1,2
DA:3,2
DA:19,2
DA:27,2
DA:32,1
DA:35,1
DA:38,1
DA:41,1
DA:44,1
DA:47,1
DA:50,1
DA:51,1
DA:52,1
DA:56,2
DA:59,1
DA:62,1
DA:63,1
DA:66,1
DA:67,1
DA:71,0
DA:74,0
DA:75,0
DA:78,0
DA:79,0
DA:83,0
DA:86,1
DA:87,1
DA:90,0
DA:91,0
DA:95,0
DA:98,0
DA:99,0
DA:102,0
DA:103,0
DA:107,0
DA:110,1
DA:111,1
DA:114,0
DA:115,0
DA:121,2
DA:130,2
LF:41
LH:25
BRF:0
BRH:0
end_of_record
TN:
SF:src\utils\burger-api.ts
FN:11,(anonymous_13)
FN:16,(anonymous_14)
FN:30,(anonymous_15)
FN:40,(anonymous_16)
FN:41,(anonymous_17)
FN:49,(anonymous_18)
FN:51,(anonymous_19)
FN:87,(anonymous_21)
FN:87,(anonymous_22)
FN:113,(anonymous_24)
FN:115,(anonymous_25)
FN:116,(anonymous_26)
FN:121,(anonymous_27)
FN:128,(anonymous_28)
FN:138,(anonymous_29)
FN:148,(anonymous_30)
FN:157,(anonymous_31)
FN:163,(anonymous_32)
FN:177,(anonymous_33)
FN:185,(anonymous_34)
FN:186,(anonymous_35)
FN:196,(anonymous_36)
FN:204,(anonymous_37)
FN:205,(anonymous_38)
FN:210,(anonymous_39)
FN:218,(anonymous_40)
FN:219,(anonymous_41)
FN:224,(anonymous_42)
FN:232,(anonymous_43)
FN:233,(anonymous_44)
FN:240,(anonymous_45)
FN:247,(anonymous_46)
FN:257,(anonymous_47)
FN:266,(anonymous_48)
FNF:34
FNH:0
FNDA:0,(anonymous_13)
FNDA:0,(anonymous_14)
FNDA:0,(anonymous_15)
FNDA:0,(anonymous_16)
FNDA:0,(anonymous_17)
FNDA:0,(anonymous_18)
FNDA:0,(anonymous_19)
FNDA:0,(anonymous_21)
FNDA:0,(anonymous_22)
FNDA:0,(anonymous_24)
FNDA:0,(anonymous_25)
FNDA:0,(anonymous_26)
FNDA:0,(anonymous_27)
FNDA:0,(anonymous_28)
FNDA:0,(anonymous_29)
FNDA:0,(anonymous_30)
FNDA:0,(anonymous_31)
FNDA:0,(anonymous_32)
FNDA:0,(anonymous_33)
FNDA:0,(anonymous_34)
FNDA:0,(anonymous_35)
FNDA:0,(anonymous_36)
FNDA:0,(anonymous_37)
FNDA:0,(anonymous_38)
FNDA:0,(anonymous_39)
FNDA:0,(anonymous_40)
FNDA:0,(anonymous_41)
FNDA:0,(anonymous_42)
FNDA:0,(anonymous_43)
FNDA:0,(anonymous_44)
FNDA:0,(anonymous_45)
FNDA:0,(anonymous_46)
FNDA:0,(anonymous_47)
FNDA:0,(anonymous_48)
DA:1,4
DA:4,4
DA:6,4
DA:7,0
DA:8,0
DA:11,4
DA:12,0
DA:13,0
DA:14,0
DA:16,0
DA:18,0
DA:30,4
DA:31,0
DA:40,0
DA:42,0
DA:43,0
DA:45,0
DA:46,0
DA:49,4
DA:51,0
DA:54,0
DA:55,0
DA:57,0
DA:58,0
DA:59,0
DA:60,0
DA:63,0
DA:64,0
DA:66,0
DA:87,4
DA:92,0
DA:93,0
DA:94,0
DA:95,0
DA:96,0
DA:98,0
DA:99,0
DA:100,0
DA:103,0
DA:105,0
DA:109,0
DA:113,4
DA:114,0
DA:115,0
DA:117,0
DA:118,0
DA:121,4
DA:122,0
DA:129,0
DA:130,0
DA:138,4
DA:139,0
DA:149,0
DA:150,0
DA:157,4
DA:158,0
DA:163,0
DA:177,4
DA:178,0
DA:185,0
DA:187,0
DA:188,0
DA:196,4
DA:197,0
DA:204,0
DA:206,0
DA:207,0
DA:210,4
DA:211,0
DA:218,0
DA:220,0
DA:221,0
DA:224,4
DA:225,0
DA:232,0
DA:234,0
DA:235,0
DA:240,4
DA:241,0
DA:247,4
DA:248,0
DA:257,4
DA:258,0
DA:266,0
LF:84
LH:18
BRDA:6,0,0,0
BRDA:12,1,0,0
BRDA:13,2,0,0
BRDA:13,3,0,0
BRDA:13,3,1,0
BRDA:42,4,0,0
BRDA:55,5,0,0
BRDA:55,5,1,0
BRDA:55,5,2,0
BRDA:57,6,0,0
BRDA:59,7,0,0
BRDA:98,8,0,0
BRDA:94,9,0,0
BRDA:94,10,0,0
BRDA:94,10,1,0
BRDA:99,11,0,0
BRDA:100,12,0,0
BRDA:100,12,1,0
BRDA:106,13,0,0
BRDA:106,13,1,0
BRDA:117,14,0,0
BRDA:117,15,0,0
BRDA:117,15,1,0
BRDA:117,16,0,0
BRDA:117,16,1,0
BRDA:129,17,0,0
BRDA:129,18,0,0
BRDA:129,18,1,0
BRDA:129,19,0,0
BRDA:129,19,1,0
BRDA:149,20,0,0
BRDA:149,21,0,0
BRDA:149,21,1,0
BRDA:149,22,0,0
BRDA:149,22,1,0
BRDA:187,23,0,0
BRDA:187,24,0,0
BRDA:187,24,1,0
BRDA:187,25,0,0
BRDA:187,25,1,0
BRDA:206,26,0,0
BRDA:206,27,0,0
BRDA:206,27,1,0
BRDA:206,28,0,0
BRDA:206,28,1,0
BRDA:220,29,0,0
BRDA:220,30,0,0
BRDA:220,30,1,0
BRDA:220,31,0,0
BRDA:220,31,1,0
BRDA:234,32,0,0
BRDA:234,33,0,0
BRDA:234,33,1,0
BRDA:234,34,0,0
BRDA:234,34,1,0
BRF:55
BRH:0
end_of_record
TN:
SF:src\utils\cookie.ts
FN:2,getCookie
FN:14,setCookie
FN:46,deleteCookie
FNF:3
FNH:1
FNDA:2,getCookie
FNDA:0,setCookie
FNDA:0,deleteCookie
DA:1,4
DA:2,4
DA:3,2
DA:11,2
DA:14,4
DA:17,0
DA:19,0
DA:24,0
DA:25,0
DA:26,0
DA:27,0
DA:28,0
DA:31,0
DA:32,0
DA:34,0
DA:35,0
DA:36,0
DA:37,0
DA:38,0
DA:39,0
DA:40,0
DA:43,0
DA:46,4
DA:47,0
LF:24
LH:6
BRDA:11,0,0,0
BRDA:11,0,1,2
BRDA:17,1,0,0
BRDA:25,2,0,0
BRDA:25,3,0,0
BRDA:25,3,1,0
BRDA:31,4,0,0
BRDA:31,5,0,0
BRDA:31,5,1,0
BRDA:39,6,0,0
BRF:10
BRH:1
end_of_record
TN:
SF:src\utils\routes.enum.ts
FN:1,(anonymous_0)
FNF:1
FNH:1
FNDA:4,(anonymous_0)
DA:1,4
DA:2,4
DA:3,4
DA:4,4
DA:5,4
DA:6,4
DA:7,4
DA:8,4
DA:9,4
DA:10,4
DA:11,4
DA:12,4
LF:12
LH:12
BRDA:1,0,0,4
BRDA:1,0,1,4
BRF:2
BRH:2
end_of_record
TN:
SF:src\utils\mappingDTO\ingredientsMapper.tsx
FN:3,(anonymous_0)
FN:4,(anonymous_1)
FNF:2
FNH:0
FNDA:0,(anonymous_0)
FNDA:0,(anonymous_1)
DA:3,2
DA:4,0
LF:2
LH:1
BRDA:16,0,0,0
BRDA:16,0,1,0
BRDA:16,1,0,0
BRDA:16,1,1,0
BRF:4
BRH:0
end_of_record
